Continue mode activated. Ignore all options except for -o/--out-dir.
2025-09-16 17:15:51 - MEGAHIT v1.2.9
2025-09-16 17:15:51 - Using megahit_core with POPCNT and BMI2 support
2025-09-16 17:15:51 - passing check point 0
2025-09-16 17:15:51 - passing check point 1
2025-09-16 17:15:51 - k-max reset to: 127 
2025-09-16 17:15:51 - Start assembly. Number of CPU threads 128 
2025-09-16 17:15:51 - k list: 27,37,47,57,67,77,87,97,107,117,127 
2025-09-16 17:15:51 - Memory used: 486664195276
2025-09-16 17:15:51 - passing check point 2
2025-09-16 17:15:51 - passing check point 3
2025-09-16 17:15:51 - passing check point 4
2025-09-16 17:15:51 - passing check point 5
2025-09-16 17:15:51 - passing check point 6
2025-09-16 17:15:51 - passing check point 7
2025-09-16 17:15:51 - passing check point 8
2025-09-16 17:15:51 - passing check point 9
2025-09-16 17:15:51 - Build graph for k = 47 
2025-09-16 18:15:31 - Assemble contigs from SdBG for k = 47
2025-09-17 02:54:04 - Local assembly for k = 47
2025-09-17 15:52:28 - Extract iterative edges from k = 47 to 57 
2025-09-17 17:12:02 - Build graph for k = 57 
2025-09-17 17:35:51 - Assemble contigs from SdBG for k = 57
2025-09-17 23:04:01 - Local assembly for k = 57
2025-09-18 12:40:36 - Extract iterative edges from k = 57 to 67 
2025-09-18 13:44:13 - Build graph for k = 67 
2025-09-18 14:01:58 - Assemble contigs from SdBG for k = 67
