TrimmomaticPE: Started with arguments:
 -threads 64 -trimlog /ocean/projects/ees240004p/hkittner/trimmomatic_output/S2_05_B_S34_L002_trimlog2.txt S2_05_B_S34_L002_forward_paired_trim1.fastq.gz S2_05_B_S34_L002_reverse_paired_trim1.fastq.gz /ocean/projects/ees240004p/hkittner/trimmomatic_output/S2_05_B_S34_L002_forward_paired_trim.fastq.gz /ocean/projects/ees240004p/hkittner/trimmomatic_output/S2_05_B_S34_L002_forward_unpaired_trim.fastq.gz /ocean/projects/ees240004p/hkittner/trimmomatic_output/S2_05_B_S34_L002_reverse_paired_trim.fastq.gz /ocean/projects/ees240004p/hkittner/trimmomatic_output/S2_05_B_S34_L002_reverse_unpaired_trim.fastq.gz LEADING:5 TRAILING:5 SLIDINGWINDOW:4:15 MINLEN:100
Quality encoding detected as phred33
Input Read Pairs: 110080324 Both Surviving: 101734005 (92.42%) Forward Only Surviving: 1338074 (1.22%) Reverse Only Surviving: 1853417 (1.68%) Dropped: 5154828 (4.68%)
TrimmomaticPE: Completed successfully
Started analysis of S2_05_A_S33_L002_forward_paired_trim.fastq.gz
Approx 5% complete for S2_05_A_S33_L002_forward_paired_trim.fastq.gz
Approx 10% complete for S2_05_A_S33_L002_forward_paired_trim.fastq.gz
Approx 15% complete for S2_05_A_S33_L002_forward_paired_trim.fastq.gz
Approx 20% complete for S2_05_A_S33_L002_forward_paired_trim.fastq.gz
Approx 25% complete for S2_05_A_S33_L002_forward_paired_trim.fastq.gz
Approx 30% complete for S2_05_A_S33_L002_forward_paired_trim.fastq.gz
Approx 35% complete for S2_05_A_S33_L002_forward_paired_trim.fastq.gz
Approx 40% complete for S2_05_A_S33_L002_forward_paired_trim.fastq.gz
Approx 45% complete for S2_05_A_S33_L002_forward_paired_trim.fastq.gz
Approx 50% complete for S2_05_A_S33_L002_forward_paired_trim.fastq.gz
Approx 55% complete for S2_05_A_S33_L002_forward_paired_trim.fastq.gz
Approx 60% complete for S2_05_A_S33_L002_forward_paired_trim.fastq.gz
Approx 65% complete for S2_05_A_S33_L002_forward_paired_trim.fastq.gz
Approx 70% complete for S2_05_A_S33_L002_forward_paired_trim.fastq.gz
Approx 75% complete for S2_05_A_S33_L002_forward_paired_trim.fastq.gz
Approx 80% complete for S2_05_A_S33_L002_forward_paired_trim.fastq.gz
Approx 85% complete for S2_05_A_S33_L002_forward_paired_trim.fastq.gz
Approx 90% complete for S2_05_A_S33_L002_forward_paired_trim.fastq.gz
Approx 95% complete for S2_05_A_S33_L002_forward_paired_trim.fastq.gz
Analysis complete for S2_05_A_S33_L002_forward_paired_trim.fastq.gz
Started analysis of S2_05_A_S33_L002_reverse_paired_trim.fastq.gz
Approx 5% complete for S2_05_A_S33_L002_reverse_paired_trim.fastq.gz
Approx 10% complete for S2_05_A_S33_L002_reverse_paired_trim.fastq.gz
Approx 15% complete for S2_05_A_S33_L002_reverse_paired_trim.fastq.gz
Approx 20% complete for S2_05_A_S33_L002_reverse_paired_trim.fastq.gz
Approx 25% complete for S2_05_A_S33_L002_reverse_paired_trim.fastq.gz
Approx 30% complete for S2_05_A_S33_L002_reverse_paired_trim.fastq.gz
Approx 35% complete for S2_05_A_S33_L002_reverse_paired_trim.fastq.gz
Approx 40% complete for S2_05_A_S33_L002_reverse_paired_trim.fastq.gz
Approx 45% complete for S2_05_A_S33_L002_reverse_paired_trim.fastq.gz
Approx 50% complete for S2_05_A_S33_L002_reverse_paired_trim.fastq.gz
Approx 55% complete for S2_05_A_S33_L002_reverse_paired_trim.fastq.gz
Approx 60% complete for S2_05_A_S33_L002_reverse_paired_trim.fastq.gz
Approx 65% complete for S2_05_A_S33_L002_reverse_paired_trim.fastq.gz
Approx 70% complete for S2_05_A_S33_L002_reverse_paired_trim.fastq.gz
Approx 75% complete for S2_05_A_S33_L002_reverse_paired_trim.fastq.gz
Approx 80% complete for S2_05_A_S33_L002_reverse_paired_trim.fastq.gz
Approx 85% complete for S2_05_A_S33_L002_reverse_paired_trim.fastq.gz
Approx 90% complete for S2_05_A_S33_L002_reverse_paired_trim.fastq.gz
Approx 95% complete for S2_05_A_S33_L002_reverse_paired_trim.fastq.gz
Analysis complete for S2_05_A_S33_L002_reverse_paired_trim.fastq.gz
Started analysis of S2_05_B_S34_L002_forward_paired_trim.fastq.gz
Approx 5% complete for S2_05_B_S34_L002_forward_paired_trim.fastq.gz
Approx 10% complete for S2_05_B_S34_L002_forward_paired_trim.fastq.gz
Approx 15% complete for S2_05_B_S34_L002_forward_paired_trim.fastq.gz
Approx 20% complete for S2_05_B_S34_L002_forward_paired_trim.fastq.gz
Approx 25% complete for S2_05_B_S34_L002_forward_paired_trim.fastq.gz
Approx 30% complete for S2_05_B_S34_L002_forward_paired_trim.fastq.gz
Approx 35% complete for S2_05_B_S34_L002_forward_paired_trim.fastq.gz
Approx 40% complete for S2_05_B_S34_L002_forward_paired_trim.fastq.gz
Approx 45% complete for S2_05_B_S34_L002_forward_paired_trim.fastq.gz
Approx 50% complete for S2_05_B_S34_L002_forward_paired_trim.fastq.gz
Approx 55% complete for S2_05_B_S34_L002_forward_paired_trim.fastq.gz
Approx 60% complete for S2_05_B_S34_L002_forward_paired_trim.fastq.gz
Approx 65% complete for S2_05_B_S34_L002_forward_paired_trim.fastq.gz
Approx 70% complete for S2_05_B_S34_L002_forward_paired_trim.fastq.gz
Approx 75% complete for S2_05_B_S34_L002_forward_paired_trim.fastq.gz
Approx 80% complete for S2_05_B_S34_L002_forward_paired_trim.fastq.gz
Approx 85% complete for S2_05_B_S34_L002_forward_paired_trim.fastq.gz
Approx 90% complete for S2_05_B_S34_L002_forward_paired_trim.fastq.gz
Approx 95% complete for S2_05_B_S34_L002_forward_paired_trim.fastq.gz
Approx 100% complete for S2_05_B_S34_L002_forward_paired_trim.fastq.gz
Analysis complete for S2_05_B_S34_L002_forward_paired_trim.fastq.gz
Started analysis of S2_05_B_S34_L002_reverse_paired_trim.fastq.gz
Approx 5% complete for S2_05_B_S34_L002_reverse_paired_trim.fastq.gz
Approx 10% complete for S2_05_B_S34_L002_reverse_paired_trim.fastq.gz
Approx 15% complete for S2_05_B_S34_L002_reverse_paired_trim.fastq.gz
Approx 20% complete for S2_05_B_S34_L002_reverse_paired_trim.fastq.gz
Approx 25% complete for S2_05_B_S34_L002_reverse_paired_trim.fastq.gz
Approx 30% complete for S2_05_B_S34_L002_reverse_paired_trim.fastq.gz
Approx 35% complete for S2_05_B_S34_L002_reverse_paired_trim.fastq.gz
Approx 40% complete for S2_05_B_S34_L002_reverse_paired_trim.fastq.gz
Approx 45% complete for S2_05_B_S34_L002_reverse_paired_trim.fastq.gz
Approx 50% complete for S2_05_B_S34_L002_reverse_paired_trim.fastq.gz
Approx 55% complete for S2_05_B_S34_L002_reverse_paired_trim.fastq.gz
Approx 60% complete for S2_05_B_S34_L002_reverse_paired_trim.fastq.gz
Approx 65% complete for S2_05_B_S34_L002_reverse_paired_trim.fastq.gz
Approx 70% complete for S2_05_B_S34_L002_reverse_paired_trim.fastq.gz
Approx 75% complete for S2_05_B_S34_L002_reverse_paired_trim.fastq.gz
Approx 80% complete for S2_05_B_S34_L002_reverse_paired_trim.fastq.gz
Approx 85% complete for S2_05_B_S34_L002_reverse_paired_trim.fastq.gz
Approx 90% complete for S2_05_B_S34_L002_reverse_paired_trim.fastq.gz
Approx 95% complete for S2_05_B_S34_L002_reverse_paired_trim.fastq.gz
Approx 100% complete for S2_05_B_S34_L002_reverse_paired_trim.fastq.gz
Analysis complete for S2_05_B_S34_L002_reverse_paired_trim.fastq.gz
