metawrap binning -o /ocean/projects/ees240004p/hkittner/coassembly_analysis/bins/initial_binning_S4_04_maxbin2 -t 128 -m 500 -a /ocean/projects/ees240004p/hkittner/coassembly_analysis/assemblies/megahit_meta_large_S4_04/final.contigs.fa --maxbin2 /ocean/projects/ees240004p/hkittner/trimmomatic_output/S4_04_paired_trim_1.fastq /ocean/projects/ees240004p/hkittner/trimmomatic_output/S4_04_paired_trim_2.fastq

------------------------------------------------------------------------------------------------------------------------
-----                                           Entered read type: paired                                          -----
------------------------------------------------------------------------------------------------------------------------


------------------------------------------------------------------------------------------------------------------------
-----                                  1 forward and 1 reverse read files detected                                 -----
------------------------------------------------------------------------------------------------------------------------


########################################################################################################################
#####                                     ALIGNING READS TO MAKE COVERAGE FILES                                    #####
########################################################################################################################

Warning: /ocean/projects/ees240004p/hkittner/coassembly_analysis/bins/initial_binning_S4_04_maxbin2 already exists.
rm: cannot remove '/ocean/projects/ees240004p/hkittner/coassembly_analysis/bins/initial_binning_S4_04_maxbin2/*checkm': No such file or directory

------------------------------------------------------------------------------------------------------------------------
-----             Looks like the assembly file is already coppied, but will re-transfer just in case to            -----
-----                                          avoid truncation problems.                                          -----
------------------------------------------------------------------------------------------------------------------------


------------------------------------------------------------------------------------------------------------------------
-----                       Looks like there is a index of the assembly already. Skipping...                       -----
------------------------------------------------------------------------------------------------------------------------


------------------------------------------------------------------------------------------------------------------------
-----                         skipping aligning S4_04_paired_trim reads to assembly because                        -----
-----/ocean/projects/ees240004p/hkittner/coassembly_analysis/bins/initial_binning_S4_04_maxbin2/work_files/S4_04_paired_trim.bam-----
-----                                               already exists.                                                -----
------------------------------------------------------------------------------------------------------------------------


########################################################################################################################
#####                                                RUNNING MAXBIN2                                               #####
########################################################################################################################


------------------------------------------------------------------------------------------------------------------------
-----                                          making contig depth file...                                         -----
------------------------------------------------------------------------------------------------------------------------

Output depth matrix to /ocean/projects/ees240004p/hkittner/coassembly_analysis/bins/initial_binning_S4_04_maxbin2/work_files/mb2_master_depth.txt
Calculating intra contig depth variance
Output matrix to /ocean/projects/ees240004p/hkittner/coassembly_analysis/bins/initial_binning_S4_04_maxbin2/work_files/mb2_master_depth.txt
Opening 1 bams
Consolidating headers
Processing bam files
Thread 0 finished: S4_04_paired_trim.bam with 1334899808 reads and 811641642 readsWellMapped
Creating depth matrix file: /ocean/projects/ees240004p/hkittner/coassembly_analysis/bins/initial_binning_S4_04_maxbin2/work_files/mb2_master_depth.txt
Closing most bam files
Closing last bam file
Finished

------------------------------------------------------------------------------------------------------------------------
-----                    split master contig depth file into individual files for maxbin2 input                    -----
------------------------------------------------------------------------------------------------------------------------

processing S4_04_paired_trim.bam depth file...
MaxBin 2.2.6
No Contig file. Please specify contig file by -contig
MaxBin - a metagenomics binning software.
Usage:
  run_MaxBin.pl
    -contig (contig file)
    -out (output file)

   (Input reads and abundance information)
    [-reads (reads file) -reads2 (readsfile) -reads3 (readsfile) -reads4 ... ]
    [-abund (abundance file) -abund2 (abundfile) -abund3 (abundfile) -abund4 ... ]

   (You can also input lists consisting of reads and abundance files)
    [-reads_list (list of reads files)]
    [-abund_list (list of abundance files)]

   (Other parameters)
    [-min_contig_length (minimum contig length. Default 1000)]
    [-max_iteration (maximum Expectation-Maximization algorithm iteration number. Default 50)]
    [-thread (thread num; default 1)]
    [-prob_threshold (probability threshold for EM final classification. Default 0.9)]
    [-plotmarker]
    [-markerset (marker gene sets, 107 (default) or 40.  See README for more information.)]

  (for debug purpose)
    [-version] [-v] (print version number)
    [-verbose]
    [-preserve_intermediate]

  Please specify either -reads or -abund information.
  You can input multiple reads and/or abundance files at the same time.
  Please read README file for more details.

------------------------------------------------------------------------------------------------------------------------
-----                                       Starting binning with MaxBin2...                                       -----
------------------------------------------------------------------------------------------------------------------------

mkdir: cannot create directory '/ocean/projects/ees240004p/hkittner/coassembly_analysis/bins/initial_binning_S4_04_maxbin2/work_files/maxbin2_out': File exists
MaxBin 2.2.6
Input contig: /ocean/projects/ees240004p/hkittner/coassembly_analysis/bins/initial_binning_S4_04_maxbin2/work_files/assembly.fa
Thread: 128
Min contig length: 1000
out header: /ocean/projects/ees240004p/hkittner/coassembly_analysis/bins/initial_binning_S4_04_maxbin2/work_files/maxbin2_out/bin
Located abundance file [/ocean/projects/ees240004p/hkittner/coassembly_analysis/bins/initial_binning_S4_04_maxbin2/work_files/mb2_S4_04_paired_trim.txt]
Searching against 107 marker genes to find starting seed contigs for [/ocean/projects/ees240004p/hkittner/coassembly_analysis/bins/initial_binning_S4_04_maxbin2/work_files/assembly.fa]...
Done data collection. Running MaxBin...
Command: /jet/home/hkittner/miniforge3/envs/metawrap-env/opt/MaxBin-2.2.6/src/MaxBin -fasta /ocean/projects/ees240004p/hkittner/coassembly_analysis/bins/initial_binning_S4_04_maxbin2/work_files/maxbin2_out/bin.contig.tmp  -abund /ocean/projects/ees240004p/hkittner/coassembly_analysis/bins/initial_binning_S4_04_maxbin2/work_files/maxbin2_out/bin.contig.tmp.abund1 -seed /ocean/projects/ees240004p/hkittner/coassembly_analysis/bins/initial_binning_S4_04_maxbin2/work_files/maxbin2_out/bin.seed -out /ocean/projects/ees240004p/hkittner/coassembly_analysis/bins/initial_binning_S4_04_maxbin2/work_files/maxbin2_out/bin -min_contig_length 1000 -thread 128
Loaded 100000 sequences
Loaded 200000 sequences
Loaded 300000 sequences
Loaded 400000 sequences
Loaded 500000 sequences
Loaded 600000 sequences
Loaded 700000 sequences
Loaded 800000 sequences
Loaded 900000 sequences
Loaded 1000000 sequences
Loaded 1100000 sequences
Loaded 1200000 sequences
Loaded 1300000 sequences
Loaded 1400000 sequences
Loaded 1500000 sequences
Loaded 1600000 sequences
Loaded 1700000 sequences
Loaded 1800000 sequences
Loaded 1900000 sequences
Loaded 2000000 sequences
Loaded 2100000 sequences
Loaded 2200000 sequences
Loaded 2300000 sequences
Minimum contig length set to 1000.
Reading seed list...
Looking for seeds in sequences.
	k87_54688897 [8.313620]
	k87_29456224 [29.044500]
	k87_29456668 [5.355940]
	k87_37870320 [22.356400]
	k87_16851929 [19.290900]
	k87_37880639 [3.436130]
	k87_46295229 [17.058200]
	k87_46298792 [6.543670]
	k87_29489498 [21.706800]
	k87_37900252 [9.993530]
	k87_50522203 [8.484510]
	k87_8469068 [5.425240]
	k87_37914978 [8.616500]
	k87_12685266 [12.163800]
	k87_33709569 [9.982240]
	k87_66692 [4.012570]
	k87_12696714 [5.269290]
	k87_58961869 [21.529000]
	k87_8498261 [5.548240]
	k87_50563462 [8.058940]
	k87_25330250 [4.561660]
	k87_42159194 [6.095770]
	k87_58981539 [7.215090]
	k87_33751447 [4.412630]
	k87_25350519 [7.305230]
	k87_29561199 [31.937100]
	k87_50597853 [5.945450]
	k87_59013337 [4.916720]
	k87_59017590 [47.986700]
	k87_37989275 [11.741400]
	k87_59026609 [11.168500]
	k87_16967104 [20.745800]
	k87_46415204 [8.029500]
	k87_12780535 [5.742440]
	k87_54840907 [5.313030]
	k87_38016829 [9.309600]
	k87_21192183 [23.343200]
	k87_50643972 [9.306660]
	k87_46442243 [39.027400]
	k87_42245821 [10.683500]
	k87_8612337 [10.174200]
	k87_8614323 [26.722900]
	k87_21220280 [6.978450]
	k87_46467370 [222.539000]
	k87_33841709 [4.862340]
	k87_219688 [5.501440]
	k87_38065197 [5.813530]
	k87_25459972 [17.057300]
	k87_12849997 [34.054700]
	k87_29671425 [4.450480]
	k87_4422645 [13.692900]
	k87_33869817 [13.567300]
	k87_29680745 [34.154900]
	k87_38086694 [5.792140]
	k87_50715815 [30.086800]
	k87_25482437 [5.996650]
	k87_17067463 [5.248000]
	k87_42315367 [5.118370]
	k87_54934126 [9.654600]
	k87_38096537 [27.317100]
	k87_46520989 [3.681160]
	k87_21275536 [6.904520]
	k87_42338188 [5.884000]
	k87_59163035 [4.815260]
	k87_54960375 [65.217600]
	k87_50755038 [30.707300]
	k87_50758090 [11.327900]
	k87_38143083 [9.852980]
	k87_54985426 [5.701180]
	k87_38157262 [4.751390]
	k87_50794314 [20.890200]
	k87_42394493 [12.091000]
	k87_59212656 [6.903190]
	k87_25563674 [4.322840]
	k87_46591335 [17.027400]
	k87_42413251 [4.756150]
	k87_38187672 [120.730000]
	k87_38190419 [642.803000]
	k87_4540451 [3.026600]
	k87_46611038 [17.306400]
	k87_8776659 [21.248100]
	k87_17182373 [9.489580]
	k87_8784554 [8.413730]
	k87_21371430 [8.901770]
	k87_378381 [4.794530]
	k87_379843 [14.198900]
	k87_385292 [5.987050]
	k87_59269896 [5.288060]
	k87_386222 [29.870900]
	k87_55063484 [6.937070]
	k87_55064466 [8.562540]
	k87_4573637 [11.764100]
	k87_42460109 [109.491000]
	k87_42466540 [134.992000]
	k87_404942 [7.000000]
	k87_17225611 [5.575470]
	k87_46659731 [6.368590]
	k87_42481393 [11.920500]
	k87_50887503 [14.792000]
	k87_42486613 [11.264200]
	k87_59305909 [6.410080]
	k87_42487928 [13.541600]
	k87_21422650 [17.905500]
	k87_25653033 [5.490530]
	k87_38261014 [6.950870]
	k87_50907492 [5.832420]
	k87_17264564 [5.032970]
	k87_13071142 [5.783680]
	k87_34095803 [5.040860]
	k87_4635842 [14.894900]
	k87_21456585 [16.947000]
	k87_34111586 [7.557700]
	k87_38306056 [18.126800]
	k87_4657165 [8.654430]
	k87_25706421 [23.811500]
	k87_50965527 [3.932820]
	k87_8910149 [10.196700]
	k87_21491642 [8.299090]
	k87_38322642 [5.112670]
	k87_8923494 [5.518880]
	k87_8940022 [6.182710]
	k87_21520614 [12.517700]
	k87_8943263 [28.304000]
	k87_55214982 [5.243860]
	k87_21531925 [17.885900]
	k87_34179350 [6.713760]
	k87_42612707 [4.281310]
	k87_21537627 [3.912340]
	k87_547722 [14.589300]
	k87_55234366 [9.480540]
	k87_42628126 [248.169000]
	k87_55241057 [6.575110]
	k87_17383520 [12.563400]
	k87_46821388 [4.978680]
	k87_8996204 [5.601100]
	k87_34226024 [8.130990]
	k87_25809633 [8.615320]
	k87_42658517 [26.535500]
	k87_594653 [4.188540]
	k87_611151 [32.452200]
	k87_30042680 [19.962600]
	k87_59505302 [4.744000]
	k87_55307016 [5.448190]
	k87_55309950 [12.035400]
	k87_55315626 [10.745300]
	k87_55316939 [5.670170]
	k87_55326725 [2.994470]
	k87_51127399 [6.376710]
	k87_17474187 [10.237300]
	k87_30086494 [4.496260]
	k87_51143199 [19.170900]
	k87_17488488 [20.274500]
	k87_38489691 [2.776850]
	k87_30102106 [9.586190]
	k87_42756996 [291.145000]
	k87_25907718 [6.710420]
	k87_55367892 [7.371940]
	k87_4864230 [5.402340]
	k87_38518072 [109.268000]
	k87_42780193 [5.864820]
	k87_38523312 [13.676300]
	k87_46960830 [11.786600]
	k87_13332027 [4.022470]
	k87_42788365 [19.478400]
	k87_59621141 [7.779780]
	k87_4892025 [12.802300]
	k87_38544377 [6.791670]
	k87_59626759 [16.858900]
	k87_21713881 [13.443000]
	k87_13358423 [13.809000]
	k87_751789 [27.208000]
	k87_46997600 [5.546500]
	k87_46999300 [6.414260]
	k87_4919262 [6.641520]
	k87_17575265 [18.334600]
	k87_51239999 [21.761700]
	k87_21748106 [21.740900]
	k87_4935434 [8.918920]
	k87_38586537 [11.541500]
	k87_786026 [6.713080]
	k87_21758385 [5.480710]
	k87_51264922 [133.520000]
	k87_47036698 [6.324300]
	k87_790859 [9.650380]
	k87_13418653 [19.136100]
	k87_51288788 [6.602740]
	k87_34460889 [6.903890]
	k87_30243288 [9.843560]
	k87_42903841 [5.797890]
	k87_55527472 [4.638410]
	k87_51328226 [13.467700]
	k87_17669637 [38.465500]
	k87_34512367 [3.569250]
	k87_30277593 [4.606690]
	k87_5049579 [6.541260]
	k87_5049796 [8.210030]
	k87_59790067 [4.515710]
	k87_34546111 [5.303240]
	k87_34565422 [2.914850]
	k87_21889534 [14.239100]
	k87_17741957 [4.650690]
	k87_13545022 [64.560000]
	k87_51410863 [32.936300]
	k87_38744013 [8.867820]
	k87_5104255 [2.811930]
	k87_9377014 [3.836620]
	k87_9379772 [10.155100]
	k87_43046448 [13.809300]
	k87_59877592 [8.329630]
	k87_59878672 [4.323270]
	k87_55671602 [5.774800]
	k87_34659897 [6.091350]
	k87_13633173 [5.421430]
	k87_43094563 [5.232680]
	k87_30424617 [6.602500]
	k87_43098675 [7.990650]
	k87_34692545 [3.918730]
	k87_47288615 [6.014470]
	k87_17875240 [3.641310]
	k87_47306614 [4.645650]
	k87_17879891 [2.370120]
	k87_9468056 [21.802300]
	k87_38881479 [9.467780]
	k87_43178453 [12.876500]
	k87_38888941 [3.271470]
	k87_22064281 [4.762940]
	k87_55778482 [4.820730]
	k87_38899123 [7.537280]
	k87_38903970 [6.626370]
	k87_5275937 [14.560200]
	k87_22084503 [5.589560]
	k87_34782504 [8.726020]
	k87_38914796 [7.282710]
	k87_22089860 [9.782660]
	k87_5294414 [5.274150]
	k87_47402797 [3.617100]
	k87_9553497 [2.597120]
	k87_43240853 [5.977270]
	k87_30554196 [10.681200]
	k87_26404385 [16.597800]
	k87_26404412 [50.145200]
	k87_30582819 [5.393410]
	k87_5353465 [4.998280]
	k87_51677428 [5.084070]
	k87_1214753 [6.483240]
	k87_26430572 [3.374270]
	k87_60118925 [4.645080]
	k87_1227552 [12.834900]
	k87_43311074 [6.800170]
	k87_30618373 [8.730820]
	k87_30624018 [7.007980]
	k87_13852015 [11.196600]
	k87_47496764 [13.450200]
	k87_30636951 [5.433080]
	k87_5416571 [4.596940]
	k87_22216013 [26.824900]
	k87_60170291 [26.275900]
	k87_5427348 [4.423330]
	k87_1271509 [5.113750]
	k87_22239075 [5.283390]
	k87_43393826 [6.723770]
	k87_30701059 [59.546100]
	k87_60227512 [5.574210]
	k87_34987351 [5.849750]
	k87_55984550 [4.617280]
	k87_18163274 [3.864710]
	k87_43425720 [6.211330]
	k87_35035902 [6.170930]
	k87_56026875 [12.715100]
	k87_43459208 [14.242100]
	k87_56027432 [6.291090]
	k87_35040362 [3.593450]
	k87_35041555 [7.035440]
	k87_14010239 [7.738530]
	k87_30777281 [7.857380]
	k87_35076470 [3.994800]
	k87_51913737 [12.197500]
	k87_22391731 [4.905110]
	k87_30807906 [3.202200]
	k87_35138743 [2.526940]
	k87_22439576 [3.561940]
	k87_26706895 [8.852890]
	k87_22449957 [11.467500]
	k87_39258402 [26.549500]
	k87_56145711 [10.591500]
	k87_51997419 [4.544610]
	k87_30883428 [3.768070]
	k87_56163831 [6.958800]
	k87_47781739 [4.323040]
	k87_1541741 [6.179840]
	k87_43625474 [14.122400]
	k87_56185889 [10.562900]
	k87_22504307 [14.594800]
	k87_26769102 [11.724500]
	k87_43642368 [3.314360]
	k87_14165093 [7.029460]
	k87_35229817 [5.367000]
	k87_5740509 [7.519350]
	k87_1584564 [3.157520]
	k87_18428slurmstepd: error: *** JOB 27442645 ON l004 CANCELLED AT 2024-12-09T14:34:54 DUE TO TIME LIMIT ***
