TrimmomaticPE: Started with arguments:
 -threads 64 -trimlog /ocean/projects/ees240004p/hkittner/trimmomatic_output/S4_04_A_S35_L001_trimlog2.txt S4_04_A_S35_L001_forward_paired_trim1.fastq.gz S4_04_A_S35_L001_reverse_paired_trim1.fastq.gz /ocean/projects/ees240004p/hkittner/trimmomatic_output/S4_04_A_S35_L001_forward_paired_trim.fastq.gz /ocean/projects/ees240004p/hkittner/trimmomatic_output/S4_04_A_S35_L001_forward_unpaired_trim.fastq.gz /ocean/projects/ees240004p/hkittner/trimmomatic_output/S4_04_A_S35_L001_reverse_paired_trim.fastq.gz /ocean/projects/ees240004p/hkittner/trimmomatic_output/S4_04_A_S35_L001_reverse_unpaired_trim.fastq.gz LEADING:5 TRAILING:5 SLIDINGWINDOW:4:15 MINLEN:100
Exception in thread "main" java.io.FileNotFoundException: S4_04_A_S35_L001_forward_paired_trim1.fastq.gz (No such file or directory)
	at java.base/java.io.FileInputStream.open0(Native Method)
	at java.base/java.io.FileInputStream.open(FileInputStream.java:196)
	at java.base/java.io.FileInputStream.<init>(FileInputStream.java:139)
	at org.usadellab.trimmomatic.fastq.FastqParser.parse(FastqParser.java:135)
	at org.usadellab.trimmomatic.TrimmomaticPE.process(TrimmomaticPE.java:265)
	at org.usadellab.trimmomatic.TrimmomaticPE.run(TrimmomaticPE.java:555)
	at org.usadellab.trimmomatic.Trimmomatic.main(Trimmomatic.java:80)
TrimmomaticPE: Started with arguments:
 -threads 64 -trimlog /ocean/projects/ees240004p/hkittner/trimmomatic_output/S4_04_A_S35_L002_trimlog2.txt S4_04_A_S35_L002_forward_paired_trim1.fastq.gz S4_04_A_S35_L002_reverse_paired_trim1.fastq.gz /ocean/projects/ees240004p/hkittner/trimmomatic_output/S4_04_A_S35_L002_forward_paired_trim.fastq.gz /ocean/projects/ees240004p/hkittner/trimmomatic_output/S4_04_A_S35_L002_forward_unpaired_trim.fastq.gz /ocean/projects/ees240004p/hkittner/trimmomatic_output/S4_04_A_S35_L002_reverse_paired_trim.fastq.gz /ocean/projects/ees240004p/hkittner/trimmomatic_output/S4_04_A_S35_L002_reverse_unpaired_trim.fastq.gz LEADING:5 TRAILING:5 SLIDINGWINDOW:4:15 MINLEN:100
Exception in thread "main" java.io.FileNotFoundException: S4_04_A_S35_L002_forward_paired_trim1.fastq.gz (No such file or directory)
	at java.base/java.io.FileInputStream.open0(Native Method)
	at java.base/java.io.FileInputStream.open(FileInputStream.java:196)
	at java.base/java.io.FileInputStream.<init>(FileInputStream.java:139)
	at org.usadellab.trimmomatic.fastq.FastqParser.parse(FastqParser.java:135)
	at org.usadellab.trimmomatic.TrimmomaticPE.process(TrimmomaticPE.java:265)
	at org.usadellab.trimmomatic.TrimmomaticPE.run(TrimmomaticPE.java:555)
	at org.usadellab.trimmomatic.Trimmomatic.main(Trimmomatic.java:80)
TrimmomaticPE: Started with arguments:
 -threads 64 -trimlog /ocean/projects/ees240004p/hkittner/trimmomatic_output/S4_04_A_S35_L003_trimlog2.txt S4_04_A_S35_L003_forward_paired_trim1.fastq.gz S4_04_A_S35_L003_reverse_paired_trim1.fastq.gz /ocean/projects/ees240004p/hkittner/trimmomatic_output/S4_04_A_S35_L003_forward_paired_trim.fastq.gz /ocean/projects/ees240004p/hkittner/trimmomatic_output/S4_04_A_S35_L003_forward_unpaired_trim.fastq.gz /ocean/projects/ees240004p/hkittner/trimmomatic_output/S4_04_A_S35_L003_reverse_paired_trim.fastq.gz /ocean/projects/ees240004p/hkittner/trimmomatic_output/S4_04_A_S35_L003_reverse_unpaired_trim.fastq.gz LEADING:5 TRAILING:5 SLIDINGWINDOW:4:15 MINLEN:100
Exception in thread "main" java.io.FileNotFoundException: S4_04_A_S35_L003_forward_paired_trim1.fastq.gz (No such file or directory)
	at java.base/java.io.FileInputStream.open0(Native Method)
	at java.base/java.io.FileInputStream.open(FileInputStream.java:196)
	at java.base/java.io.FileInputStream.<init>(FileInputStream.java:139)
	at org.usadellab.trimmomatic.fastq.FastqParser.parse(FastqParser.java:135)
	at org.usadellab.trimmomatic.TrimmomaticPE.process(TrimmomaticPE.java:265)
	at org.usadellab.trimmomatic.TrimmomaticPE.run(TrimmomaticPE.java:555)
	at org.usadellab.trimmomatic.Trimmomatic.main(Trimmomatic.java:80)
TrimmomaticPE: Started with arguments:
 -threads 64 -trimlog /ocean/projects/ees240004p/hkittner/trimmomatic_output/S4_04_A_S35_L005_trimlog2.txt S4_04_A_S35_L005_forward_paired_trim1.fastq.gz S4_04_A_S35_L005_reverse_paired_trim1.fastq.gz /ocean/projects/ees240004p/hkittner/trimmomatic_output/S4_04_A_S35_L005_forward_paired_trim.fastq.gz /ocean/projects/ees240004p/hkittner/trimmomatic_output/S4_04_A_S35_L005_forward_unpaired_trim.fastq.gz /ocean/projects/ees240004p/hkittner/trimmomatic_output/S4_04_A_S35_L005_reverse_paired_trim.fastq.gz /ocean/projects/ees240004p/hkittner/trimmomatic_output/S4_04_A_S35_L005_reverse_unpaired_trim.fastq.gz LEADING:5 TRAILING:5 SLIDINGWINDOW:4:15 MINLEN:100
Exception in thread "main" java.io.FileNotFoundException: S4_04_A_S35_L005_forward_paired_trim1.fastq.gz (No such file or directory)
	at java.base/java.io.FileInputStream.open0(Native Method)
	at java.base/java.io.FileInputStream.open(FileInputStream.java:196)
	at java.base/java.io.FileInputStream.<init>(FileInputStream.java:139)
	at org.usadellab.trimmomatic.fastq.FastqParser.parse(FastqParser.java:135)
	at org.usadellab.trimmomatic.TrimmomaticPE.process(TrimmomaticPE.java:265)
	at org.usadellab.trimmomatic.TrimmomaticPE.run(TrimmomaticPE.java:555)
	at org.usadellab.trimmomatic.Trimmomatic.main(Trimmomatic.java:80)
TrimmomaticPE: Started with arguments:
 -threads 64 -trimlog /ocean/projects/ees240004p/hkittner/trimmomatic_output/S4_04_B_S36_L001_trimlog2.txt S4_04_B_S36_L001_forward_paired_trim1.fastq.gz S4_04_B_S36_L001_reverse_paired_trim1.fastq.gz /ocean/projects/ees240004p/hkittner/trimmomatic_output/S4_04_B_S36_L001_forward_paired_trim.fastq.gz /ocean/projects/ees240004p/hkittner/trimmomatic_output/S4_04_B_S36_L001_forward_unpaired_trim.fastq.gz /ocean/projects/ees240004p/hkittner/trimmomatic_output/S4_04_B_S36_L001_reverse_paired_trim.fastq.gz /ocean/projects/ees240004p/hkittner/trimmomatic_output/S4_04_B_S36_L001_reverse_unpaired_trim.fastq.gz LEADING:5 TRAILING:5 SLIDINGWINDOW:4:15 MINLEN:100
Exception in thread "main" java.io.FileNotFoundException: S4_04_B_S36_L001_forward_paired_trim1.fastq.gz (No such file or directory)
	at java.base/java.io.FileInputStream.open0(Native Method)
	at java.base/java.io.FileInputStream.open(FileInputStream.java:196)
	at java.base/java.io.FileInputStream.<init>(FileInputStream.java:139)
	at org.usadellab.trimmomatic.fastq.FastqParser.parse(FastqParser.java:135)
	at org.usadellab.trimmomatic.TrimmomaticPE.process(TrimmomaticPE.java:265)
	at org.usadellab.trimmomatic.TrimmomaticPE.run(TrimmomaticPE.java:555)
	at org.usadellab.trimmomatic.Trimmomatic.main(Trimmomatic.java:80)
TrimmomaticPE: Started with arguments:
 -threads 64 -trimlog /ocean/projects/ees240004p/hkittner/trimmomatic_output/S4_04_B_S36_L002_trimlog2.txt S4_04_B_S36_L002_forward_paired_trim1.fastq.gz S4_04_B_S36_L002_reverse_paired_trim1.fastq.gz /ocean/projects/ees240004p/hkittner/trimmomatic_output/S4_04_B_S36_L002_forward_paired_trim.fastq.gz /ocean/projects/ees240004p/hkittner/trimmomatic_output/S4_04_B_S36_L002_forward_unpaired_trim.fastq.gz /ocean/projects/ees240004p/hkittner/trimmomatic_output/S4_04_B_S36_L002_reverse_paired_trim.fastq.gz /ocean/projects/ees240004p/hkittner/trimmomatic_output/S4_04_B_S36_L002_reverse_unpaired_trim.fastq.gz LEADING:5 TRAILING:5 SLIDINGWINDOW:4:15 MINLEN:100
Exception in thread "main" java.io.FileNotFoundException: S4_04_B_S36_L002_forward_paired_trim1.fastq.gz (No such file or directory)
	at java.base/java.io.FileInputStream.open0(Native Method)
	at java.base/java.io.FileInputStream.open(FileInputStream.java:196)
	at java.base/java.io.FileInputStream.<init>(FileInputStream.java:139)
	at org.usadellab.trimmomatic.fastq.FastqParser.parse(FastqParser.java:135)
	at org.usadellab.trimmomatic.TrimmomaticPE.process(TrimmomaticPE.java:265)
	at org.usadellab.trimmomatic.TrimmomaticPE.run(TrimmomaticPE.java:555)
	at org.usadellab.trimmomatic.Trimmomatic.main(Trimmomatic.java:80)
TrimmomaticPE: Started with arguments:
 -threads 64 -trimlog /ocean/projects/ees240004p/hkittner/trimmomatic_output/S4_04_B_S36_L003_trimlog2.txt S4_04_B_S36_L003_forward_paired_trim1.fastq.gz S4_04_B_S36_L003_reverse_paired_trim1.fastq.gz /ocean/projects/ees240004p/hkittner/trimmomatic_output/S4_04_B_S36_L003_forward_paired_trim.fastq.gz /ocean/projects/ees240004p/hkittner/trimmomatic_output/S4_04_B_S36_L003_forward_unpaired_trim.fastq.gz /ocean/projects/ees240004p/hkittner/trimmomatic_output/S4_04_B_S36_L003_reverse_paired_trim.fastq.gz /ocean/projects/ees240004p/hkittner/trimmomatic_output/S4_04_B_S36_L003_reverse_unpaired_trim.fastq.gz LEADING:5 TRAILING:5 SLIDINGWINDOW:4:15 MINLEN:100
Exception in thread "main" java.io.FileNotFoundException: S4_04_B_S36_L003_forward_paired_trim1.fastq.gz (No such file or directory)
	at java.base/java.io.FileInputStream.open0(Native Method)
	at java.base/java.io.FileInputStream.open(FileInputStream.java:196)
	at java.base/java.io.FileInputStream.<init>(FileInputStream.java:139)
	at org.usadellab.trimmomatic.fastq.FastqParser.parse(FastqParser.java:135)
	at org.usadellab.trimmomatic.TrimmomaticPE.process(TrimmomaticPE.java:265)
	at org.usadellab.trimmomatic.TrimmomaticPE.run(TrimmomaticPE.java:555)
	at org.usadellab.trimmomatic.Trimmomatic.main(Trimmomatic.java:80)
TrimmomaticPE: Started with arguments:
 -threads 64 -trimlog /ocean/projects/ees240004p/hkittner/trimmomatic_output/S4_04_B_S36_L005_trimlog2.txt S4_04_B_S36_L005_forward_paired_trim1.fastq.gz S4_04_B_S36_L005_reverse_paired_trim1.fastq.gz /ocean/projects/ees240004p/hkittner/trimmomatic_output/S4_04_B_S36_L005_forward_paired_trim.fastq.gz /ocean/projects/ees240004p/hkittner/trimmomatic_output/S4_04_B_S36_L005_forward_unpaired_trim.fastq.gz /ocean/projects/ees240004p/hkittner/trimmomatic_output/S4_04_B_S36_L005_reverse_paired_trim.fastq.gz /ocean/projects/ees240004p/hkittner/trimmomatic_output/S4_04_B_S36_L005_reverse_unpaired_trim.fastq.gz LEADING:5 TRAILING:5 SLIDINGWINDOW:4:15 MINLEN:100
Exception in thread "main" java.io.FileNotFoundException: S4_04_B_S36_L005_forward_paired_trim1.fastq.gz (No such file or directory)
	at java.base/java.io.FileInputStream.open0(Native Method)
	at java.base/java.io.FileInputStream.open(FileInputStream.java:196)
	at java.base/java.io.FileInputStream.<init>(FileInputStream.java:139)
	at org.usadellab.trimmomatic.fastq.FastqParser.parse(FastqParser.java:135)
	at org.usadellab.trimmomatic.TrimmomaticPE.process(TrimmomaticPE.java:265)
	at org.usadellab.trimmomatic.TrimmomaticPE.run(TrimmomaticPE.java:555)
	at org.usadellab.trimmomatic.Trimmomatic.main(Trimmomatic.java:80)
Skipping '*_forward_paired_trim.fastq.gz' which didn't exist, or couldn't be read
Skipping '*_reverse_paired_trim.fastq.gz' which didn't exist, or couldn't be read
