

== Warning ==  No assembly mode was specified! If you intend to assemble high-coverage multi-cell/isolate data, use '--isolate' option.


Command line: /usr/local/bin/spades.py	-t	128	-m	512	-1	/ocean/projects/ees240004p/hkittner/trimmomatic_output/S4_04_forward_paired_trim.fastq.gz	-2	/ocean/projects/ees240004p/hkittner/trimmomatic_output/S4_04_reverse_paired_trim.fastq.gz	--only-error-correction	-o	/ocean/projects/ees240004p/hkittner/spades_output	

System information:
  SPAdes version: 3.14.1
  Python version: 3.8.5
  OS: Linux-4.18.0-477.27.1.el8_8.x86_64-x86_64-with-glibc2.10

Output dir: /ocean/projects/ees240004p/hkittner/spades_output
Mode: ONLY read error correction (without assembling)
Debug mode is turned OFF

Dataset parameters:
  Standard mode
  For multi-cell/isolate data we recommend to use '--isolate' option; for single-cell MDA data use '--sc'; for metagenomic data use '--meta'; for RNA-Seq use '--rna'.
  Reads:
    Library number: 1, library type: paired-end
      orientation: fr
      left reads: ['/ocean/projects/ees240004p/hkittner/trimmomatic_output/S4_04_forward_paired_trim.fastq.gz']
      right reads: ['/ocean/projects/ees240004p/hkittner/trimmomatic_output/S4_04_reverse_paired_trim.fastq.gz']
      interlaced reads: not specified
      single reads: not specified
      merged reads: not specified
Read error correction parameters:
  Iterations: 1
  PHRED offset will be auto-detected
  Corrected reads will be compressed
Other parameters:
  Dir for temp files: /ocean/projects/ees240004p/hkittner/spades_output/tmp
  Threads: 128
  Memory limit (in Gb): 512


======= SPAdes pipeline started. Log can be found here: /ocean/projects/ees240004p/hkittner/spades_output/spades.log


===== Before start started. 


===== Read error correction started. 


===== Read error correction started. 


== Running: /usr/local/bin/spades-hammer /ocean/projects/ees240004p/hkittner/spades_output/corrected/configs/config.info

  0:00:00.000    16M / 21M   INFO    General                 (main.cpp                  :  75)   Starting BayesHammer, built from N/A, git revision N/A
  0:00:00.001    16M / 21M   INFO    General                 (main.cpp                  :  76)   Loading config from /ocean/projects/ees240004p/hkittner/spades_output/corrected/configs/config.info
  0:00:00.003    17M / 23M   INFO    General                 (main.cpp                  :  78)   Maximum # of threads to use (adjusted due to OMP capabilities): 128
  0:00:00.003    17M / 23M   INFO    General                 (memory_limit.cpp          :  49)   Memory limit set to 512 Gb
  0:00:00.003    17M / 23M   INFO    General                 (main.cpp                  :  86)   Trying to determine PHRED offset
  0:00:00.003    17M / 23M   INFO    General                 (main.cpp                  :  92)   Determined value is 33
  0:00:00.004    17M / 23M   INFO    General                 (hammer_tools.cpp          :  38)   Hamming graph threshold tau=1, k=21, subkmer positions = [ 0 10 ]
  0:00:00.004    17M / 23M   INFO    General                 (main.cpp                  : 113)   Size of aux. kmer data 24 bytes
     === ITERATION 0 begins ===
  0:00:00.005    17M / 23M   INFO   K-mer Index Building     (kmer_index_builder.hpp    : 301)   Building kmer index
  0:00:00.005    17M / 23M   INFO    General                 (kmer_index_builder.hpp    : 117)   Splitting kmer instances into 2048 files using 128 threads. This might take a while.
  0:00:00.006    17M / 23M   INFO    General                 (file_limit.hpp            :  32)   Open file limit set to 131072
  0:00:00.006    17M / 23M   INFO    General                 (kmer_splitters.hpp        :  89)   Memory available for splitting buffers: 1.33333 Gb
  0:00:00.006    17M / 23M   INFO    General                 (kmer_splitters.hpp        :  97)   Using cell size of 32768
  0:00:00.183    82G / 82G   INFO   K-mer Splitting          (kmer_data.cpp             :  97)   Processing /ocean/projects/ees240004p/hkittner/trimmomatic_output/S4_04_forward_paired_trim.fastq.gz
slurmstepd: error: *** JOB 24276714 ON l003 CANCELLED AT 2024-06-23T14:37:05 ***
