sending incremental file list
A02_01_A_S7_L001_R1_001.fastq.gz
A02_01_A_S7_L001_R2_001.fastq.gz
A02_01_B_S8_L001_R1_001.fastq.gz
A02_01_B_S8_L001_R2_001.fastq.gz
A08_01_A_S9_L001_R1_001.fastq.gz
A08_01_A_S9_L001_R2_001.fastq.gz
A08_01_B_S10_L001_R1_001.fastq.gz
A08_01_B_S10_L001_R2_001.fastq.gz
A13_01_A_S1_L001_R1_001.fastq.gz
A13_01_A_S1_L001_R2_001.fastq.gz
A13_01_B_S2_L001_R1_001.fastq.gz
A13_01_B_S2_L001_R2_001.fastq.gz
A18_01_A_S3_L001_R1_001.fastq.gz
A18_01_A_S3_L001_R2_001.fastq.gz
A18_01_B_S4_L001_R1_001.fastq.gz
A18_01_B_S4_L001_R2_001.fastq.gz
A18_03_A_S27_L001_R1_001.fastq.gz
A18_03_A_S27_L001_R2_001.fastq.gz
A18_03_B_S28_L001_R1_001.fastq.gz
A18_03_B_S28_L001_R2_001.fastq.gz
A18_04_A_S29_L001_R1_001.fastq.gz
A18_04_A_S29_L001_R2_001.fastq.gz
A18_04_B_S30_L001_R1_001.fastq.gz
A18_04_B_S30_L001_R2_001.fastq.gz
A19_01_A_S5_L001_R1_001.fastq.gz
A19_01_A_S5_L001_R2_001.fastq.gz
A19_01_B_S6_L001_R1_001.fastq.gz
A19_01_B_S6_L001_R2_001.fastq.gz
A21_01_A_S25_L001_R1_001.fastq.gz
A21_01_A_S25_L001_R2_001.fastq.gz
A21_01_B_S26_L001_R1_001.fastq.gz
A21_01_B_S26_L001_R2_001.fastq.gz
A21_04_A_S41_L001_R1_001.fastq.gz
A21_04_A_S41_L001_R2_001.fastq.gz
A21_04_B_S42_L001_R1_001.fastq.gz
A21_04_B_S42_L001_R2_001.fastq.gz
A21_05_A_S43_L001_R1_001.fastq.gz
A21_05_A_S43_L001_R2_001.fastq.gz
A21_05_B_S44_L001_R1_001.fastq.gz
A21_05_B_S44_L001_R2_001.fastq.gz
S1_01_A_S11_L001_R1_001.fastq.gz
S1_01_A_S11_L001_R2_001.fastq.gz
S1_01_B_S12_L001_R1_001.fastq.gz
S1_01_B_S12_L001_R2_001.fastq.gz
S2_01_A_S13_L001_R1_001.fastq.gz
S2_01_A_S13_L001_R2_001.fastq.gz
S2_01_B_S14_L001_R1_001.fastq.gz
S2_01_B_S14_L001_R2_001.fastq.gz
S2_04_A_S31_L001_R1_001.fastq.gz
S2_04_A_S31_L001_R2_001.fastq.gz
S2_04_B_S32_L001_R1_001.fastq.gz
S2_04_B_S32_L001_R2_001.fastq.gz
S2_05_A_S33_L001_R1_001.fastq.gz
S2_05_A_S33_L001_R2_001.fastq.gz
S2_05_B_S34_L001_R1_001.fastq.gz
S2_05_B_S34_L001_R2_001.fastq.gz
S3_01_A_S15_L001_R1_001.fastq.gz
S3_01_A_S15_L001_R2_001.fastq.gz
S3_01_B_S16_L001_R1_001.fastq.gz
S3_01_B_S16_L001_R2_001.fastq.gz
S4_01_A_S17_L001_R1_001.fastq.gz
S4_01_A_S17_L001_R2_001.fastq.gz
S4_01_B_S18_L001_R1_001.fastq.gz
S4_01_B_S18_L001_R2_001.fastq.gz
S4_04_A_S35_L001_R1_001.fastq.gz
S4_04_A_S35_L001_R2_001.fastq.gz
S4_04_B_S36_L001_R1_001.fastq.gz
S4_04_B_S36_L001_R2_001.fastq.gz
S5_01_A_S19_L001_R1_001.fastq.gz
S5_01_A_S19_L001_R2_001.fastq.gz
S5_01_B_S20_L001_R1_001.fastq.gz
S5_01_B_S20_L001_R2_001.fastq.gz
S6_01_A_S21_L001_R1_001.fastq.gz
S6_01_A_S21_L001_R2_001.fastq.gz
S6_01_B_S22_L001_R1_001.fastq.gz
S6_01_B_S22_L001_R2_001.fastq.gz
S6_06_A_S37_L001_R1_001.fastq.gz
S6_06_A_S37_L001_R2_001.fastq.gz
S6_06_B_S38_L001_R1_001.fastq.gz
S6_06_B_S38_L001_R2_001.fastq.gz
S6_10_A_S39_L001_R1_001.fastq.gz
S6_10_A_S39_L001_R2_001.fastq.gz
S6_10_B_S40_L001_R1_001.fastq.gz
S6_10_B_S40_L001_R2_001.fastq.gz
S9_01_A_S23_L001_R1_001.fastq.gz
S9_01_A_S23_L001_R2_001.fastq.gz
S9_01_B_S24_L001_R1_001.fastq.gz
S9_01_B_S24_L001_R2_001.fastq.gz
Undetermined_S0_L001_R1_001.fastq.gz
Undetermined_S0_L001_R2_001.fastq.gz

sent 554.33G bytes  received 1.73K bytes  154.78M bytes/sec
total size is 554.20G  speedup is 1.00
