Continue mode activated. Ignore all options except for -o/--out-dir.
2024-07-01 17:17:53 - MEGAHIT v1.2.9
2024-07-01 17:17:53 - Using megahit_core with POPCNT and BMI2 support
2024-07-01 17:17:53 - passing check point 0
2024-07-01 17:17:53 - passing check point 1
2024-07-01 17:17:53 - k-max reset to: 127 
2024-07-01 17:17:53 - Start assembly. Number of CPU threads 128 
2024-07-01 17:17:53 - k list: 27,37,47,57,67,77,87,97,107,117,127 
2024-07-01 17:17:53 - Memory used: 486665013657
2024-07-01 17:17:53 - passing check point 2
2024-07-01 17:17:53 - passing check point 3
2024-07-01 17:17:53 - passing check point 4
2024-07-01 17:17:53 - passing check point 5
2024-07-01 17:17:53 - passing check point 6
2024-07-01 17:17:53 - passing check point 7
2024-07-01 17:17:53 - passing check point 8
2024-07-01 17:17:53 - passing check point 9
2024-07-01 17:17:53 - passing check point 10
2024-07-01 17:17:53 - Assemble contigs from SdBG for k = 47
2024-07-02 01:47:18 - Local assembly for k = 47
2024-07-02 12:50:37 - Extract iterative edges from k = 47 to 57 
2024-07-02 13:52:06 - Build graph for k = 57 
2024-07-02 15:11:55 - Assemble contigs from SdBG for k = 57
2024-07-02 20:07:46 - Local assembly for k = 57
2024-07-03 08:10:49 - Extract iterative edges from k = 57 to 67 
2024-07-03 09:02:36 - Build graph for k = 67 
slurmstepd: error: *** JOB 24377616 ON l001 CANCELLED AT 2024-07-03T09:17:57 DUE TO TIME LIMIT ***
