metawrap binning -o /ocean/projects/ees240004p/hkittner/coassembly_analysis/bins/initial_binning_S4_04_maxbin2 -t 128 -m 500 -a /ocean/projects/ees240004p/hkittner/coassembly_analysis/assemblies/megahit_meta_large_S4_04/final.contigs.fa --maxbin2 /ocean/projects/ees240004p/hkittner/trimmomatic_output/S4_04_paired_trim_1.fastq /ocean/projects/ees240004p/hkittner/trimmomatic_output/S4_04_paired_trim_2.fastq

------------------------------------------------------------------------------------------------------------------------
-----                                           Entered read type: paired                                          -----
------------------------------------------------------------------------------------------------------------------------


------------------------------------------------------------------------------------------------------------------------
-----                                  1 forward and 1 reverse read files detected                                 -----
------------------------------------------------------------------------------------------------------------------------


########################################################################################################################
#####                                     ALIGNING READS TO MAKE COVERAGE FILES                                    #####
########################################################################################################################

Warning: /ocean/projects/ees240004p/hkittner/coassembly_analysis/bins/initial_binning_S4_04_maxbin2 already exists.
rm: cannot remove '/ocean/projects/ees240004p/hkittner/coassembly_analysis/bins/initial_binning_S4_04_maxbin2/*checkm': No such file or directory

------------------------------------------------------------------------------------------------------------------------
-----             Looks like the assembly file is already coppied, but will re-transfer just in case to            -----
-----                                          avoid truncation problems.                                          -----
------------------------------------------------------------------------------------------------------------------------


------------------------------------------------------------------------------------------------------------------------
-----                       Looks like there is a index of the assembly already. Skipping...                       -----
------------------------------------------------------------------------------------------------------------------------


------------------------------------------------------------------------------------------------------------------------
-----           Aligning /ocean/projects/ees240004p/hkittner/trimmomatic_output/S4_04_paired_trim_1.fastq          -----
-----          and /ocean/projects/ees240004p/hkittner/trimmomatic_output/S4_04_paired_trim_2.fastq back           -----
-----                                                 to assembly                                                  -----
------------------------------------------------------------------------------------------------------------------------

[bwt_restore_sa] fail to open file '/ocean/projects/ees240004p/hkittner/coassembly_analysis/bins/initial_binning_S4_04_maxbin2/work_files/assembly.fa.sa' : No such file or directory

************************************************************************************************************************
*****                                      Something went wrong with aligning                                      *****
*****             /ocean/projects/ees240004p/hkittner/trimmomatic_output/S4_04_paired_trim_1.fastq and             *****
*****          /ocean/projects/ees240004p/hkittner/trimmomatic_output/S4_04_paired_trim_2.fastq reads to           *****
*****                                            the assembly. Exiting                                             *****
************************************************************************************************************************


real	0m24.009s
user	0m0.061s
sys	0m15.080s
