metawrap binning -o /ocean/projects/ees240004p/hkittner/coassembly_analysis/bins/initial_binning_S4_04_concoct -t 128 -m 500 -a /ocean/projects/ees240004p/hkittner/coassembly_analysis/assemblies/megahit_meta_large_S4_04/final.contigs.fa --concoct /ocean/projects/ees240004p/hkittner/trimmomatic_output/S4_04_paired_trim_1.fastq /ocean/projects/ees240004p/hkittner/trimmomatic_output/S4_04_paired_trim_2.fastq

------------------------------------------------------------------------------------------------------------------------
-----                                           Entered read type: paired                                          -----
------------------------------------------------------------------------------------------------------------------------


------------------------------------------------------------------------------------------------------------------------
-----                                  1 forward and 1 reverse read files detected                                 -----
------------------------------------------------------------------------------------------------------------------------


########################################################################################################################
#####                                     ALIGNING READS TO MAKE COVERAGE FILES                                    #####
########################################################################################################################


------------------------------------------------------------------------------------------------------------------------
-----                                         making copy of assembly file                                         -----
----- /ocean/projects/ees240004p/hkittner/coassembly_analysis/assemblies/megahit_meta_large_S4_04/final.contigs.fa -----
------------------------------------------------------------------------------------------------------------------------


------------------------------------------------------------------------------------------------------------------------
-----                                            Indexing assembly file                                            -----
------------------------------------------------------------------------------------------------------------------------

[bwa_index] Pack FASTA... 114.91 sec
[bwa_index] Construct BWT for the packed sequence...
[BWTIncCreate] textLength=36113881164, availableWord=2553106116
[BWTIncConstructFromPacked] 10 iterations done. 99999996 characters processed.
[BWTIncConstructFromPacked] 20 iterations done. 199999996 characters processed.
[BWTIncConstructFromPacked] 30 iterations done. 299999996 characters processed.
[BWTIncConstructFromPacked] 40 iterations done. 399999996 characters processed.
[BWTIncConstructFromPacked] 50 iterations done. 499999996 characters processed.
[BWTIncConstructFromPacked] 60 iterations done. 599999996 characters processed.
[BWTIncConstructFromPacked] 70 iterations done. 699999996 characters processed.
[BWTIncConstructFromPacked] 80 iterations done. 799999996 characters processed.
[BWTIncConstructFromPacked] 90 iterations done. 899999996 characters processed.
[BWTIncConstructFromPacked] 100 iterations done. 999999996 characters processed.
[BWTIncConstructFromPacked] 110 iterations done. 1099999996 characters processed.
[BWTIncConstructFromPacked] 120 iterations done. 1199999996 characters processed.
[BWTIncConstructFromPacked] 130 iterations done. 1299999996 characters processed.
[BWTIncConstructFromPacked] 140 iterations done. 1399999996 characters processed.
[BWTIncConstructFromPacked] 150 iterations done. 1499999996 characters processed.
[BWTIncConstructFromPacked] 160 iterations done. 1599999996 characters processed.
[BWTIncConstructFromPacked] 170 iterations done. 1699999996 characters processed.
[BWTIncConstructFromPacked] 180 iterations done. 1799999996 characters processed.
[BWTIncConstructFromPacked] 190 iterations done. 1899999996 characters processed.
[BWTIncConstructFromPacked] 200 iterations done. 1999999996 characters processed.
[BWTIncConstructFromPacked] 210 iterations done. 2099999996 characters processed.
[BWTIncConstructFromPacked] 220 iterations done. 2199999996 characters processed.
[BWTIncConstructFromPacked] 230 iterations done. 2299999996 characters processed.
[BWTIncConstructFromPacked] 240 iterations done. 2399999996 characters processed.
[BWTIncConstructFromPacked] 250 iterations done. 2499999996 characters processed.
[BWTIncConstructFromPacked] 260 iterations done. 2599999996 characters processed.
[BWTIncConstructFromPacked] 270 iterations done. 2699999996 characters processed.
[BWTIncConstructFromPacked] 280 iterations done. 2799999996 characters processed.
[BWTIncConstructFromPacked] 290 iterations done. 2899999996 characters processed.
[BWTIncConstructFromPacked] 300 iterations done. 2999999996 characters processed.
[BWTIncConstructFromPacked] 310 iterations done. 3099999996 characters processed.
[BWTIncConstructFromPacked] 320 iterations done. 3199999996 characters processed.
[BWTIncConstructFromPacked] 330 iterations done. 3299999996 characters processed.
[BWTIncConstructFromPacked] 340 iterations done. 3399999996 characters processed.
[BWTIncConstructFromPacked] 350 iterations done. 3499999996 characters processed.
[BWTIncConstructFromPacked] 360 iterations done. 3599999996 characters processed.
[BWTIncConstructFromPacked] 370 iterations done. 3699999996 characters processed.
[BWTIncConstructFromPacked] 380 iterations done. 3799999996 characters processed.
[BWTIncConstructFromPacked] 390 iterations done. 3899999996 characters processed.
[BWTIncConstructFromPacked] 400 iterations done. 3999999996 characters processed.
[BWTIncConstructFromPacked] 410 iterations done. 4099999996 characters processed.
[BWTIncConstructFromPacked] 420 iterations done. 4199999996 characters processed.
[BWTIncConstructFromPacked] 430 iterations done. 4299999996 characters processed.
[BWTIncConstructFromPacked] 440 iterations done. 4399999996 characters processed.
[BWTIncConstructFromPacked] 450 iterations done. 4499999996 characters processed.
[BWTIncConstructFromPacked] 460 iterations done. 4599999996 characters processed.
[BWTIncConstructFromPacked] 470 iterations done. 4699999996 characters processed.
[BWTIncConstructFromPacked] 480 iterations done. 4799999996 characters processed.
[BWTIncConstructFromPacked] 490 iterations done. 4899999996 characters processed.
[BWTIncConstructFromPacked] 500 iterations done. 4999999996 characters processed.
[BWTIncConstructFromPacked] 510 iterations done. 5099999996 characters processed.
[BWTIncConstructFromPacked] 520 iterations done. 5199999996 characters processed.
[BWTIncConstructFromPacked] 530 iterations done. 5299999996 characters processed.
[BWTIncConstructFromPacked] 540 iterations done. 5399999996 characters processed.
[BWTIncConstructFromPacked] 550 iterations done. 5499999996 characters processed.
[BWTIncConstructFromPacked] 560 iterations done. 5599999996 characters processed.
[BWTIncConstructFromPacked] 570 iterations done. 5699999996 characters processed.
[BWTIncConstructFromPacked] 580 iterations done. 5799999996 characters processed.
[BWTIncConstructFromPacked] 590 iterations done. 5899999996 characters processed.
[BWTIncConstructFromPacked] 600 iterations done. 5999999996 characters processed.
[BWTIncConstructFromPacked] 610 iterations done. 6099999996 characters processed.
[BWTIncConstructFromPacked] 620 iterations done. 6199999996 characters processed.
[BWTIncConstructFromPacked] 630 iterations done. 6299999996 characters processed.
[BWTIncConstructFromPacked] 640 iterations done. 6399999996 characters processed.
[BWTIncConstructFromPacked] 650 iterations done. 6499999996 characters processed.
[BWTIncConstructFromPacked] 660 iterations done. 6599999996 characters processed.
[BWTIncConstructFromPacked] 670 iterations done. 6699999996 characters processed.
[BWTIncConstructFromPacked] 680 iterations done. 6799999996 characters processed.
[BWTIncConstructFromPacked] 690 iterations done. 6899999996 characters processed.
[BWTIncConstructFromPacked] 700 iterations done. 6999999996 characters processed.
[BWTIncConstructFromPacked] 710 iterations done. 7099999996 characters processed.
[BWTIncConstructFromPacked] 720 iterations done. 7199999996 characters processed.
[BWTIncConstructFromPacked] 730 iterations done. 7299999996 characters processed.
[BWTIncConstructFromPacked] 740 iterations done. 7399999996 characters processed.
[BWTIncConstructFromPacked] 750 iterations done. 7499999996 characters processed.
[BWTIncConstructFromPacked] 760 iterations done. 7599999996 characters processed.
[BWTIncConstructFromPacked] 770 iterations done. 7699999996 characters processed.
[BWTIncConstructFromPacked] 780 iterations done. 7799999996 characters processed.
[BWTIncConstructFromPacked] 790 iterations done. 7899999996 characters processed.
[BWTIncConstructFromPacked] 800 iterations done. 7999999996 characters processed.
[BWTIncConstructFromPacked] 810 iterations done. 8099999996 characters processed.
[BWTIncConstructFromPacked] 820 iterations done. 8199999996 characters processed.
[BWTIncConstructFromPacked] 830 iterations done. 8299999996 characters processed.
[BWTIncConstructFromPacked] 840 iterations done. 8399999996 characters processed.
[BWTIncConstructFromPacked] 850 iterations done. 8499999996 characters processed.
[BWTIncConstructFromPacked] 860 iterations done. 8599999996 characters processed.
[BWTIncConstructFromPacked] 870 iterations done. 8699999996 characters processed.
[BWTIncConstructFromPacked] 880 iterations done. 8799999996 characters processed.
[BWTIncConstructFromPacked] 890 iterations done. 8899999996 characters processed.
[BWTIncConstructFromPacked] 900 iterations done. 8999999996 characters processed.
[BWTIncConstructFromPacked] 910 iterations done. 9099999996 characters processed.
[BWTIncConstructFromPacked] 920 iterations done. 9199999996 characters processed.
[BWTIncConstructFromPacked] 930 iterations done. 9299999996 characters processed.
[BWTIncConstructFromPacked] 940 iterations done. 9399999996 characters processed.
[BWTIncConstructFromPacked] 950 iterations done. 9499999996 characters processed.
[BWTIncConstructFromPacked] 960 iterations done. 9599999996 characters processed.
[BWTIncConstructFromPacked] 970 iterations done. 9699999996 characters processed.
[BWTIncConstructFromPacked] 980 iterations done. 9799999996 characters processed.
[BWTIncConstructFromPacked] 990 iterations done. 9899999996 characters processed.
[BWTIncConstructFromPacked] 1000 iterations done. 9999999996 characters processed.
[BWTIncConstructFromPacked] 1010 iterations done. 10099999996 characters processed.
[BWTIncConstructFromPacked] 1020 iterations done. 10199999996 characters processed.
[BWTIncConstructFromPacked] 1030 iterations done. 10299999996 characters processed.
[BWTIncConstructFromPacked] 1040 iterations done. 10399999996 characters processed.
[BWTIncConstructFromPacked] 1050 iterations done. 10499999996 characters processed.
[BWTIncConstructFromPacked] 1060 iterations done. 10599999996 characters processed.
[BWTIncConstructFromPacked] 1070 iterations done. 10699999996 characters processed.
[BWTIncConstructFromPacked] 1080 iterations done. 10799999996 characters processed.
[BWTIncConstructFromPacked] 1090 iterations done. 10899999996 characters processed.
[BWTIncConstructFromPacked] 1100 iterations done. 10999999996 characters processed.
[BWTIncConstructFromPacked] 1110 iterations done. 11099999996 characters processed.
[BWTIncConstructFromPacked] 1120 iterations done. 11199999996 characters processed.
[BWTIncConstructFromPacked] 1130 iterations done. 11299999996 characters processed.
[BWTIncConstructFromPacked] 1140 iterations done. 11399999996 characters processed.
[BWTIncConstructFromPacked] 1150 iterations done. 11499999996 characters processed.
[BWTIncConstructFromPacked] 1160 iterations done. 11599999996 characters processed.
[BWTIncConstructFromPacked] 1170 iterations done. 11699999996 characters processed.
[BWTIncConstructFromPacked] 1180 iterations done. 11799999996 characters processed.
[BWTIncConstructFromPacked] 1190 iterations done. 11899999996 characters processed.
[BWTIncConstructFromPacked] 1200 iterations done. 11999999996 characters processed.
[BWTIncConstructFromPacked] 1210 iterations done. 12099999996 characters processed.
[BWTIncConstructFromPacked] 1220 iterations done. 12199999996 characters processed.
[BWTIncConstructFromPacked] 1230 iterations done. 12299999996 characters processed.
[BWTIncConstructFromPacked] 1240 iterations done. 12399999996 characters processed.
[BWTIncConstructFromPacked] 1250 iterations done. 12499999996 characters processed.
[BWTIncConstructFromPacked] 1260 iterations done. 12599999996 characters processed.
[BWTIncConstructFromPacked] 1270 iterations done. 12699999996 characters processed.
[BWTIncConstructFromPacked] 1280 iterations done. 12799999996 characters processed.
[BWTIncConstructFromPacked] 1290 iterations done. 12899999996 characters processed.
[BWTIncConstructFromPacked] 1300 iterations done. 12999999996 characters processed.
[BWTIncConstructFromPacked] 1310 iterations done. 13099999996 characters processed.
[BWTIncConstructFromPacked] 1320 iterations done. 13199999996 characters processed.
[BWTIncConstructFromPacked] 1330 iterations done. 13299999996 characters processed.
[BWTIncConstructFromPacked] 1340 iterations done. 13399999996 characters processed.
[BWTIncConstructFromPacked] 1350 iterations done. 13499999996 characters processed.
[BWTIncConstructFromPacked] 1360 iterations done. 13599999996 characters processed.
[BWTIncConstructFromPacked] 1370 iterations done. 13699999996 characters processed.
[BWTIncConstructFromPacked] 1380 iterations done. 13799999996 characters processed.
[BWTIncConstructFromPacked] 1390 iterations done. 13899999996 characters processed.
[BWTIncConstructFromPacked] 1400 iterations done. 13999999996 characters processed.
[BWTIncConstructFromPacked] 1410 iterations done. 14099999996 characters processed.
[BWTIncConstructFromPacked] 1420 iterations done. 14199999996 characters processed.
[BWTIncConstructFromPacked] 1430 iterations done. 14299999996 characters processed.
[BWTIncConstructFromPacked] 1440 iterations done. 14399999996 characters processed.
[BWTIncConstructFromPacked] 1450 iterations done. 14499999996 characters processed.
[BWTIncConstructFromPacked] 1460 iterations done. 14599999996 characters processed.
[BWTIncConstructFromPacked] 1470 iterations done. 14699999996 characters processed.
[BWTIncConstructFromPacked] 1480 iterations done. 14799999996 characters processed.
[BWTIncConstructFromPacked] 1490 iterations done. 14899999996 characters processed.
[BWTIncConstructFromPacked] 1500 iterations done. 14999999996 characters processed.
[BWTIncConstructFromPacked] 1510 iterations done. 15099999996 characters processed.
[BWTIncConstructFromPacked] 1520 iterations done. 15199999996 characters processed.
[BWTIncConstructFromPacked] 1530 iterations done. 15299999996 characters processed.
[BWTIncConstructFromPacked] 1540 iterations done. 15399999996 characters processed.
[BWTIncConstructFromPacked] 1550 iterations done. 15499999996 characters processed.
[BWTIncConstructFromPacked] 1560 iterations done. 15599999996 characters processed.
[BWTIncConstructFromPacked] 1570 iterations done. 15699999996 characters processed.
[BWTIncConstructFromPacked] 1580 iterations done. 15799999996 characters processed.
[BWTIncConstructFromPacked] 1590 iterations done. 15899999996 characters processed.
[BWTIncConstructFromPacked] 1600 iterations done. 15999999996 characters processed.
[BWTIncConstructFromPacked] 1610 iterations done. 16099999996 characters processed.
[BWTIncConstructFromPacked] 1620 iterations done. 16199999996 characters processed.
[BWTIncConstructFromPacked] 1630 iterations done. 16299999996 characters processed.
[BWTIncConstructFromPacked] 1640 iterations done. 16399999996 characters processed.
[BWTIncConstructFromPacked] 1650 iterations done. 16499999996 characters processed.
[BWTIncConstructFromPacked] 1660 iterations done. 16599999996 characters processed.
[BWTIncConstructFromPacked] 1670 iterations done. 16699999996 characters processed.
[BWTIncConstructFromPacked] 1680 iterations done. 16799999996 characters processed.
[BWTIncConstructFromPacked] 1690 iterations done. 16899999996 characters processed.
[BWTIncConstructFromPacked] 1700 iterations done. 16999999996 characters processed.
[BWTIncConstructFromPacked] 1710 iterations done. 17099999996 characters processed.
[BWTIncConstructFromPacked] 1720 iterations done. 17199999996 characters processed.
[BWTIncConstructFromPacked] 1730 iterations done. 17299999996 characters processed.
[BWTIncConstructFromPacked] 1740 iterations done. 17399999996 characters processed.
[BWTIncConstructFromPacked] 1750 iterations done. 17499999996 characters processed.
[BWTIncConstructFromPacked] 1760 iterations done. 17599999996 characters processed.
[BWTIncConstructFromPacked] 1770 iterations done. 17699999996 characters processed.
[BWTIncConstructFromPacked] 1780 iterations done. 17799999996 characters processed.
[BWTIncConstructFromPacked] 1790 iterations done. 17899999996 characters processed.
[BWTIncConstructFromPacked] 1800 iterations done. 17999999996 characters processed.
[BWTIncConstructFromPacked] 1810 iterations done. 18099999996 characters processed.
[BWTIncConstructFromPacked] 1820 iterations done. 18199999996 characters processed.
[BWTIncConstructFromPacked] 1830 iterations done. 18299999996 characters processed.
[BWTIncConstructFromPacked] 1840 iterations done. 18399999996 characters processed.
[BWTIncConstructFromPacked] 1850 iterations done. 18499999996 characters processed.
[BWTIncConstructFromPacked] 1860 iterations done. 18599999996 characters processed.
[BWTIncConstructFromPacked] 1870 iterations done. 18699999996 characters processed.
[BWTIncConstructFromPacked] 1880 iterations done. 18799999996 characters processed.
[BWTIncConstructFromPacked] 1890 iterations done. 18899999996 characters processed.
[BWTIncConstructFromPacked] 1900 iterations done. 18999999996 characters processed.
[BWTIncConstructFromPacked] 1910 iterations done. 19099999996 characters processed.
[BWTIncConstructFromPacked] 1920 iterations done. 19199999996 characters processed.
[BWTIncConstructFromPacked] 1930 iterations done. 19299999996 characters processed.
[BWTIncConstructFromPacked] 1940 iterations done. 19399999996 characters processed.
[BWTIncConstructFromPacked] 1950 iterations done. 19499999996 characters processed.
[BWTIncConstructFromPacked] 1960 iterations done. 19599999996 characters processed.
[BWTIncConstructFromPacked] 1970 iterations done. 19699999996 characters processed.
[BWTIncConstructFromPacked] 1980 iterations done. 19799999996 characters processed.
[BWTIncConstructFromPacked] 1990 iterations done. 19899999996 characters processed.
[BWTIncConstructFromPacked] 2000 iterations done. 19999999996 characters processed.
[BWTIncConstructFromPacked] 2010 iterations done. 20099999996 characters processed.
[BWTIncConstructFromPacked] 2020 iterations done. 20199999996 characters processed.
[BWTIncConstructFromPacked] 2030 iterations done. 20299999996 characters processed.
[BWTIncConstructFromPacked] 2040 iterations done. 20399999996 characters processed.
[BWTIncConstructFromPacked] 2050 iterations done. 20499999996 characters processed.
[BWTIncConstructFromPacked] 2060 iterations done. 20599999996 characters processed.
[BWTIncConstructFromPacked] 2070 iterations done. 20699999996 characters processed.
[BWTIncConstructFromPacked] 2080 iterations done. 20799999996 characters processed.
[BWTIncConstructFromPacked] 2090 iterations done. 20899999996 characters processed.
[BWTIncConstructFromPacked] 2100 iterations done. 20999999996 characters processed.
[BWTIncConstructFromPacked] 2110 iterations done. 21099999996 characters processed.
[BWTIncConstructFromPacked] 2120 iterations done. 21199999996 characters processed.
[BWTIncConstructFromPacked] 2130 iterations done. 21299999996 characters processed.
[BWTIncConstructFromPacked] 2140 iterations done. 21399999996 characters processed.
[BWTIncConstructFromPacked] 2150 iterations done. 21499999996 characters processed.
[BWTIncConstructFromPacked] 2160 iterations done. 21599999996 characters processed.
[BWTIncConstructFromPacked] 2170 iterations done. 21699999996 characters processed.
[BWTIncConstructFromPacked] 2180 iterations done. 21799999996 characters processed.
[BWTIncConstructFromPacked] 2190 iterations done. 21899999996 characters processed.
[BWTIncConstructFromPacked] 2200 iterations done. 21999999996 characters processed.
[BWTIncConstructFromPacked] 2210 iterations done. 22099999996 characters processed.
[BWTIncConstructFromPacked] 2220 iterations done. 22199999996 characters processed.
[BWTIncConstructFromPacked] 2230 iterations done. 22299999996 characters processed.
[BWTIncConstructFromPacked] 2240 iterations done. 22399999996 characters processed.
[BWTIncConstructFromPacked] 2250 iterations done. 22499999996 characters processed.
[BWTIncConstructFromPacked] 2260 iterations done. 22599999996 characters processed.
[BWTIncConstructFromPacked] 2270 iterations done. 22699999996 characters processed.
[BWTIncConstructFromPacked] 2280 iterations done. 22799999996 characters processed.
[BWTIncConstructFromPacked] 2290 iterations done. 22899999996 characters processed.
[BWTIncConstructFromPacked] 2300 iterations done. 22999999996 characters processed.
[BWTIncConstructFromPacked] 2310 iterations done. 23099999996 characters processed.
[BWTIncConstructFromPacked] 2320 iterations done. 23199999996 characters processed.
[BWTIncConstructFromPacked] 2330 iterations done. 23299999996 characters processed.
[BWTIncConstructFromPacked] 2340 iterations done. 23399999996 characters processed.
[BWTIncConstructFromPacked] 2350 iterations done. 23499999996 characters processed.
[BWTIncConstructFromPacked] 2360 iterations done. 23599999996 characters processed.
[BWTIncConstructFromPacked] 2370 iterations done. 23699999996 characters processed.
[BWTIncConstructFromPacked] 2380 iterations done. 23799999996 characters processed.
[BWTIncConstructFromPacked] 2390 iterations done. 23899999996 characters processed.
[BWTIncConstructFromPacked] 2400 iterations done. 23999999996 characters processed.
[BWTIncConstructFromPacked] 2410 iterations done. 24099999996 characters processed.
[BWTIncConstructFromPacked] 2420 iterations done. 24199999996 characters processed.
[BWTIncConstructFromPacked] 2430 iterations done. 24299999996 characters processed.
[BWTIncConstructFromPacked] 2440 iterations done. 24399999996 characters processed.
[BWTIncConstructFromPacked] 2450 iterations done. 24499999996 characters processed.
[BWTIncConstructFromPacked] 2460 iterations done. 24599999996 characters processed.
[BWTIncConstructFromPacked] 2470 iterations done. 24699999996 characters processed.
[BWTIncConstructFromPacked] 2480 iterations done. 24799999996 characters processed.
[BWTIncConstructFromPacked] 2490 iterations done. 24899999996 characters processed.
[BWTIncConstructFromPacked] 2500 iterations done. 24999999996 characters processed.
[BWTIncConstructFromPacked] 2510 iterations done. 25099999996 characters processed.
[BWTIncConstructFromPacked] 2520 iterations done. 25199999996 characters processed.
[BWTIncConstructFromPacked] 2530 iterations done. 25299999996 characters processed.
[BWTIncConstructFromPacked] 2540 iterations done. 25399999996 characters processed.
[BWTIncConstructFromPacked] 2550 iterations done. 25499999996 characters processed.
[BWTIncConstructFromPacked] 2560 iterations done. 25599999996 characters processed.
[BWTIncConstructFromPacked] 2570 iterations done. 25699999996 characters processed.
[BWTIncConstructFromPacked] 2580 iterations done. 25799999996 characters processed.
[BWTIncConstructFromPacked] 2590 iterations done. 25899999996 characters processed.
[BWTIncConstructFromPacked] 2600 iterations done. 25999999996 characters processed.
[BWTIncConstructFromPacked] 2610 iterations done. 26099999996 characters processed.
[BWTIncConstructFromPacked] 2620 iterations done. 26199999996 characters processed.
[BWTIncConstructFromPacked] 2630 iterations done. 26299999996 characters processed.
[BWTIncConstructFromPacked] 2640 iterations done. 26399999996 characters processed.
[BWTIncConstructFromPacked] 2650 iterations done. 26499999996 characters processed.
sys.excepthook is missing
