

== Warning ==  No assembly mode was specified! If you intend to assemble high-coverage multi-cell/isolate data, use '--isolate' option.


Command line: /usr/local/bin/spades.py	-t	128	-m	490	-1	/ocean/projects/ees240004p/hkittner/trimmomatic_output/S4_04_L001_forward_paired_trim.fastq.gz	-2	/ocean/projects/ees240004p/hkittner/trimmomatic_output/S4_04_L001_reverse_paired_trim.fastq.gz	--only-error-correction	-o	/ocean/projects/ees240004p/hkittner/spades_output_S4_04_L001only	

System information:
  SPAdes version: 3.14.1
  Python version: 3.8.5
  OS: Linux-4.18.0-477.27.1.el8_8.x86_64-x86_64-with-glibc2.10

Output dir: /ocean/projects/ees240004p/hkittner/spades_output_S4_04_L001only
Mode: ONLY read error correction (without assembling)
Debug mode is turned OFF

Dataset parameters:
  Standard mode
  For multi-cell/isolate data we recommend to use '--isolate' option; for single-cell MDA data use '--sc'; for metagenomic data use '--meta'; for RNA-Seq use '--rna'.
  Reads:
    Library number: 1, library type: paired-end
      orientation: fr
      left reads: ['/ocean/projects/ees240004p/hkittner/trimmomatic_output/S4_04_L001_forward_paired_trim.fastq.gz']
      right reads: ['/ocean/projects/ees240004p/hkittner/trimmomatic_output/S4_04_L001_reverse_paired_trim.fastq.gz']
      interlaced reads: not specified
      single reads: not specified
      merged reads: not specified
Read error correction parameters:
  Iterations: 1
  PHRED offset will be auto-detected
  Corrected reads will be compressed
Other parameters:
  Dir for temp files: /ocean/projects/ees240004p/hkittner/spades_output_S4_04_L001only/tmp
  Threads: 128
  Memory limit (in Gb): 490


======= SPAdes pipeline started. Log can be found here: /ocean/projects/ees240004p/hkittner/spades_output_S4_04_L001only/spades.log


===== Before start started. 


===== Read error correction started. 


===== Read error correction started. 


== Running: /usr/local/bin/spades-hammer /ocean/projects/ees240004p/hkittner/spades_output_S4_04_L001only/corrected/configs/config.info

  0:00:00.000    16M / 21M   INFO    General                 (main.cpp                  :  75)   Starting BayesHammer, built from N/A, git revision N/A
  0:00:00.001    16M / 21M   INFO    General                 (main.cpp                  :  76)   Loading config from /ocean/projects/ees240004p/hkittner/spades_output_S4_04_L001only/corrected/configs/config.info
  0:00:00.003    17M / 23M   INFO    General                 (main.cpp                  :  78)   Maximum # of threads to use (adjusted due to OMP capabilities): 128
  0:00:00.003    17M / 23M   INFO    General                 (memory_limit.cpp          :  49)   Memory limit set to 490 Gb
  0:00:00.003    17M / 23M   INFO    General                 (main.cpp                  :  86)   Trying to determine PHRED offset
  0:00:00.003    17M / 23M   INFO    General                 (main.cpp                  :  92)   Determined value is 33
  0:00:00.004    17M / 23M   INFO    General                 (hammer_tools.cpp          :  38)   Hamming graph threshold tau=1, k=21, subkmer positions = [ 0 10 ]
  0:00:00.004    17M / 23M   INFO    General                 (main.cpp                  : 113)   Size of aux. kmer data 24 bytes
     === ITERATION 0 begins ===
  0:00:00.005    17M / 23M   INFO   K-mer Index Building     (kmer_index_builder.hpp    : 301)   Building kmer index
  0:00:00.005    17M / 23M   INFO    General                 (kmer_index_builder.hpp    : 117)   Splitting kmer instances into 2048 files using 128 threads. This might take a while.
  0:00:00.006    18M / 23M   INFO    General                 (file_limit.hpp            :  32)   Open file limit set to 131072
  0:00:00.006    18M / 23M   INFO    General                 (kmer_splitters.hpp        :  89)   Memory available for splitting buffers: 1.27604 Gb
  0:00:00.006    18M / 23M   INFO    General                 (kmer_splitters.hpp        :  97)   Using cell size of 32768
  0:00:00.174    82G / 82G   INFO   K-mer Splitting          (kmer_data.cpp             :  97)   Processing /ocean/projects/ees240004p/hkittner/trimmomatic_output/S4_04_L001_forward_paired_trim.fastq.gz
  0:02:50.814    82G / 84G   INFO   K-mer Splitting          (kmer_data.cpp             : 107)   Processed 13502099 reads
  0:05:54.169    82G / 84G   INFO   K-mer Splitting          (kmer_data.cpp             : 107)   Processed 28284919 reads
  0:09:00.512    82G / 84G   INFO   K-mer Splitting          (kmer_data.cpp             : 107)   Processed 43202892 reads
  0:11:48.505    82G / 84G   INFO   K-mer Splitting          (kmer_data.cpp             : 107)   Processed 56436150 reads
  0:14:31.728    82G / 84G   INFO   K-mer Splitting          (kmer_data.cpp             : 107)   Processed 69942078 reads
  0:17:23.725    82G / 84G   INFO   K-mer Splitting          (kmer_data.cpp             : 107)   Processed 84081737 reads
  0:19:45.583    82G / 84G   INFO   K-mer Splitting          (kmer_data.cpp             : 107)   Processed 95673212 reads
  0:22:21.034    82G / 84G   INFO   K-mer Splitting          (kmer_data.cpp             : 107)   Processed 108662330 reads
  0:25:06.585    82G / 84G   INFO   K-mer Splitting          (kmer_data.cpp             : 107)   Processed 122284623 reads
  0:28:02.453    82G / 84G   INFO   K-mer Splitting          (kmer_data.cpp             : 107)   Processed 136021965 reads
  0:30:42.162    82G / 84G   INFO   K-mer Splitting          (kmer_data.cpp             : 107)   Processed 149215361 reads
  0:33:16.075    82G / 84G   INFO   K-mer Splitting          (kmer_data.cpp             : 107)   Processed 161559113 reads
  0:33:55.125    82G / 84G   INFO   K-mer Splitting          (kmer_data.cpp             : 107)   Processed 163771914 reads
  0:33:55.129    82G / 84G   INFO   K-mer Splitting          (kmer_data.cpp             :  97)   Processing /ocean/projects/ees240004p/hkittner/trimmomatic_output/S4_04_L001_reverse_paired_trim.fastq.gz
  0:56:12.750    82G / 84G   INFO   K-mer Splitting          (kmer_data.cpp             : 107)   Processed 270171730 reads
  1:09:24.341    82G / 84G   INFO   K-mer Splitting          (kmer_data.cpp             : 112)   Total 327543828 reads processed
  1:09:25.097     2G / 84G   INFO    General                 (kmer_index_builder.hpp    : 120)   Starting k-mer counting.
  1:22:07.765   301M / 84G   INFO    General                 (kmer_index_builder.hpp    : 127)   K-mer counting done. There are 44294551818 kmers in total.
  1:22:07.770   301M / 84G   INFO    General                 (kmer_index_builder.hpp    : 133)   Merging temporary buckets.
  4:40:36.455   301M / 84G   INFO   K-mer Index Building     (kmer_index_builder.hpp    : 314)   Building perfect hash indices
  6:21:36.605    24G / 291G  INFO    General                 (kmer_index_builder.hpp    : 150)   Merging final buckets.
slurmstepd: error: *** JOB 25583515 ON l001 CANCELLED AT 2024-09-07T02:30:34 DUE TO TIME LIMIT ***
