

== Warning ==  No assembly mode was specified! If you intend to assemble high-coverage multi-cell/isolate data, use '--isolate' option.




== Warning ==  No assembly mode was specified! If you intend to assemble high-coverage multi-cell/isolate data, use '--isolate' option.



======= SPAdes pipeline continued. Log can be found here: /ocean/projects/ees240004p/hkittner/spades_output_S4_04_L001only/spades.log

Restored from Command line: /usr/local/bin/spades.py	-t	128	-m	490	-1	/ocean/projects/ees240004p/hkittner/trimmomatic_output/S4_04_L001_forward_paired_trim.fastq.gz	-2	/ocean/projects/ees240004p/hkittner/trimmomatic_output/S4_04_L001_reverse_paired_trim.fastq.gz	--only-error-correction	-o	/ocean/projects/ees240004p/hkittner/spades_output_S4_04_L001only

Command line: /usr/local/bin/spades.py	-t	128	-m	490	-1	/ocean/projects/ees240004p/hkittner/trimmomatic_output/S4_04_L001_forward_paired_trim.fastq.gz	-2	/ocean/projects/ees240004p/hkittner/trimmomatic_output/S4_04_L001_reverse_paired_trim.fastq.gz	--only-error-correction	-o	/ocean/projects/ees240004p/hkittner/spades_output_S4_04_L001only

System information:
  SPAdes version: 3.14.1
  Python version: 3.8.5
  OS: Linux-4.18.0-477.27.1.el8_8.x86_64-x86_64-with-glibc2.10

Output dir: /ocean/projects/ees240004p/hkittner/spades_output_S4_04_L001only
Mode: ONLY read error correction (without assembling)
Debug mode is turned OFF

Dataset parameters:
  Standard mode
  For multi-cell/isolate data we recommend to use '--isolate' option; for single-cell MDA data use '--sc'; for metagenomic data use '--meta'; for RNA-Seq use '--rna'.
  Reads:
    Library number: 1, library type: paired-end
      orientation: fr
      left reads: ['/ocean/projects/ees240004p/hkittner/trimmomatic_output/S4_04_L001_forward_paired_trim.fastq.gz']
      right reads: ['/ocean/projects/ees240004p/hkittner/trimmomatic_output/S4_04_L001_reverse_paired_trim.fastq.gz']
      interlaced reads: not specified
      single reads: not specified
      merged reads: not specified
Read error correction parameters:
  Iterations: 1
  PHRED offset will be auto-detected
  Corrected reads will be compressed
Other parameters:
  Dir for temp files: /ocean/projects/ees240004p/hkittner/spades_output_S4_04_L001only/tmp
  Threads: 128
  Memory limit (in Gb): 490


===== Before start started. 


===== Read error correction started. 


===== Read error correction started. 


== Running: /usr/local/bin/spades-hammer /ocean/projects/ees240004p/hkittner/spades_output_S4_04_L001only/corrected/configs/config.info

  0:00:00.000    16M / 21M   INFO    General                 (main.cpp                  :  75)   Starting BayesHammer, built from N/A, git revision N/A
  0:00:00.001    16M / 21M   INFO    General                 (main.cpp                  :  76)   Loading config from /ocean/projects/ees240004p/hkittner/spades_output_S4_04_L001only/corrected/configs/config.info
  0:00:00.003    17M / 23M   INFO    General                 (main.cpp                  :  78)   Maximum # of threads to use (adjusted due to OMP capabilities): 128
  0:00:00.003    17M / 23M   INFO    General                 (memory_limit.cpp          :  49)   Memory limit set to 490 Gb
  0:00:00.003    17M / 23M   INFO    General                 (main.cpp                  :  86)   Trying to determine PHRED offset
  0:00:00.003    17M / 23M   INFO    General                 (main.cpp                  :  92)   Determined value is 33
  0:00:00.004    17M / 23M   INFO    General                 (hammer_tools.cpp          :  38)   Hamming graph threshold tau=1, k=21, subkmer positions = [ 0 10 ]
  0:00:00.004    17M / 23M   INFO    General                 (main.cpp                  : 113)   Size of aux. kmer data 24 bytes
     === ITERATION 0 begins ===
  0:00:00.005    17M / 23M   INFO   K-mer Index Building     (kmer_index_builder.hpp    : 301)   Building kmer index
  0:00:00.005    17M / 23M   INFO    General                 (kmer_index_builder.hpp    : 117)   Splitting kmer instances into 2048 files using 128 threads. This might take a while.
  0:00:00.006    18M / 23M   INFO    General                 (file_limit.hpp            :  32)   Open file limit set to 131072
  0:00:00.006    18M / 23M   INFO    General                 (kmer_splitters.hpp        :  89)   Memory available for splitting buffers: 1.27604 Gb
  0:00:00.006    18M / 23M   INFO    General                 (kmer_splitters.hpp        :  97)   Using cell size of 32768
  0:00:00.171    82G / 82G   INFO   K-mer Splitting          (kmer_data.cpp             :  97)   Processing /ocean/projects/ees240004p/hkittner/trimmomatic_output/S4_04_L001_forward_paired_trim.fastq.gz
  0:04:07.032    82G / 85G   INFO   K-mer Splitting          (kmer_data.cpp             : 107)   Processed 21302526 reads
  0:07:43.593    82G / 85G   INFO   K-mer Splitting          (kmer_data.cpp             : 107)   Processed 42066707 reads
  0:10:55.912    82G / 85G   INFO   K-mer Splitting          (kmer_data.cpp             : 107)   Processed 58956191 reads
  0:13:26.754    82G / 85G   INFO   K-mer Splitting          (kmer_data.cpp             : 107)   Processed 73262738 reads
  0:16:03.058    82G / 85G   INFO   K-mer Splitting          (kmer_data.cpp             : 107)   Processed 87453036 reads
  0:19:06.262    82G / 85G   INFO   K-mer Splitting          (kmer_data.cpp             : 107)   Processed 104670366 reads
  0:22:25.023    82G / 85G   INFO   K-mer Splitting          (kmer_data.cpp             : 107)   Processed 123078565 reads
  0:26:10.876    82G / 85G   INFO   K-mer Splitting          (kmer_data.cpp             : 107)   Processed 142939709 reads
  0:29:51.286    82G / 85G   INFO   K-mer Splitting          (kmer_data.cpp             : 107)   Processed 163348228 reads
  0:29:55.395    82G / 85G   INFO   K-mer Splitting          (kmer_data.cpp             : 107)   Processed 163771914 reads
  0:29:55.398    82G / 85G   INFO   K-mer Splitting          (kmer_data.cpp             :  97)   Processing /ocean/projects/ees240004p/hkittner/trimmomatic_output/S4_04_L001_reverse_paired_trim.fastq.gz
  0:30:36.296    82G / 85G   INFO   K-mer Splitting          (kmer_data.cpp             : 107)   Processed 167676677 reads
  0:31:27.174    83G / 85G   INFO   K-mer Splitting          (kmer_data.cpp             : 107)   Processed 172432910 reads
  0:32:10.036    83G / 85G   INFO   K-mer Splitting          (kmer_data.cpp             : 107)   Processed 176495788 reads
  0:49:15.169    82G / 85G   INFO   K-mer Splitting          (kmer_data.cpp             : 107)   Processed 270384551 reads
  0:59:45.959    83G / 85G   INFO   K-mer Splitting          (kmer_data.cpp             : 112)   Total 327543828 reads processed
  0:59:46.716     2G / 85G   INFO    General                 (kmer_index_builder.hpp    : 120)   Starting k-mer counting.
  1:08:20.521   373M / 85G   INFO    General                 (kmer_index_builder.hpp    : 127)   K-mer counting done. There are 44294551818 kmers in total.
  1:08:20.529   373M / 85G   INFO    General                 (kmer_index_builder.hpp    : 133)   Merging temporary buckets.
  4:18:17.810   373M / 85G   INFO   K-mer Index Building     (kmer_index_builder.hpp    : 314)   Building perfect hash indices
  5:21:14.066    24G / 294G  INFO    General                 (kmer_index_builder.hpp    : 150)   Merging final buckets.
 10:06:43.593    24G / 294G  INFO   K-mer Index Building     (kmer_index_builder.hpp    : 336)   Index built. Total 20539572406 bytes occupied (3.70963 bits per kmer).
 10:06:43.614    24G / 294G  ERROR  K-mer Counting           (kmer_data.cpp             : 348)   The reads contain too many k-mers to fit into available memory. You need approx. 1650.1GB of free RAM to assemble your dataset


== Error ==  system call for: "['/usr/local/bin/spades-hammer', '/ocean/projects/ees240004p/hkittner/spades_output_S4_04_L001only/corrected/configs/config.info']" finished abnormally, OS return value: 255

In case you have troubles running SPAdes, you can write to spades.support@cab.spbu.ru
or report an issue on our GitHub repository github.com/ablab/spades
Please provide us with params.txt and spades.log files from the output directory.

SPAdes log can be found here: /ocean/projects/ees240004p/hkittner/spades_output_S4_04_L001only/spades.log

Thank you for using SPAdes!
