sending incremental file list
A02_01_A_S7_L003_R1_001.fastq.gz
A02_01_A_S7_L003_R2_001.fastq.gz
A02_01_B_S8_L003_R1_001.fastq.gz
A02_01_B_S8_L003_R2_001.fastq.gz
A08_01_A_S9_L003_R1_001.fastq.gz
A08_01_A_S9_L003_R2_001.fastq.gz
A08_01_B_S10_L003_R1_001.fastq.gz
A08_01_B_S10_L003_R2_001.fastq.gz
A13_01_A_S1_L003_R1_001.fastq.gz
A13_01_A_S1_L003_R2_001.fastq.gz
A13_01_B_S2_L003_R1_001.fastq.gz
A13_01_B_S2_L003_R2_001.fastq.gz
A18_01_A_S3_L003_R1_001.fastq.gz
A18_01_A_S3_L003_R2_001.fastq.gz
A18_01_B_S4_L003_R1_001.fastq.gz
A18_01_B_S4_L003_R2_001.fastq.gz
A18_03_A_S27_L003_R1_001.fastq.gz
A18_03_A_S27_L003_R2_001.fastq.gz
A18_03_B_S28_L003_R1_001.fastq.gz
A18_03_B_S28_L003_R2_001.fastq.gz
A18_04_A_S29_L003_R1_001.fastq.gz
A18_04_A_S29_L003_R2_001.fastq.gz
A18_04_B_S30_L003_R1_001.fastq.gz
A18_04_B_S30_L003_R2_001.fastq.gz
A19_01_A_S5_L003_R1_001.fastq.gz
A19_01_A_S5_L003_R2_001.fastq.gz
A19_01_B_S6_L003_R1_001.fastq.gz
A19_01_B_S6_L003_R2_001.fastq.gz
A21_01_A_S25_L003_R1_001.fastq.gz
A21_01_A_S25_L003_R2_001.fastq.gz
A21_01_B_S26_L003_R1_001.fastq.gz
A21_01_B_S26_L003_R2_001.fastq.gz
A21_04_A_S41_L003_R1_001.fastq.gz
A21_04_A_S41_L003_R2_001.fastq.gz
A21_04_B_S42_L003_R1_001.fastq.gz
A21_04_B_S42_L003_R2_001.fastq.gz
A21_05_A_S43_L003_R1_001.fastq.gz
A21_05_A_S43_L003_R2_001.fastq.gz
A21_05_B_S44_L003_R1_001.fastq.gz
A21_05_B_S44_L003_R2_001.fastq.gz
S1_01_A_S11_L003_R1_001.fastq.gz
S1_01_A_S11_L003_R2_001.fastq.gz
S1_01_B_S12_L003_R1_001.fastq.gz
S1_01_B_S12_L003_R2_001.fastq.gz
S2_01_A_S13_L003_R1_001.fastq.gz
S2_01_A_S13_L003_R2_001.fastq.gz
S2_01_B_S14_L003_R1_001.fastq.gz
S2_01_B_S14_L003_R2_001.fastq.gz
S2_04_A_S31_L003_R1_001.fastq.gz
S2_04_A_S31_L003_R2_001.fastq.gz
S2_04_B_S32_L003_R1_001.fastq.gz
S2_04_B_S32_L003_R2_001.fastq.gz
S2_05_A_S33_L003_R1_001.fastq.gz
S2_05_A_S33_L003_R2_001.fastq.gz
S2_05_B_S34_L003_R1_001.fastq.gz
S2_05_B_S34_L003_R2_001.fastq.gz
S3_01_A_S15_L003_R1_001.fastq.gz
S3_01_A_S15_L003_R2_001.fastq.gz
S3_01_B_S16_L003_R1_001.fastq.gz
S3_01_B_S16_L003_R2_001.fastq.gz
S4_01_A_S17_L003_R1_001.fastq.gz
S4_01_A_S17_L003_R2_001.fastq.gz
S4_01_B_S18_L003_R1_001.fastq.gz
S4_01_B_S18_L003_R2_001.fastq.gz
S4_04_A_S35_L003_R1_001.fastq.gz
S4_04_A_S35_L003_R2_001.fastq.gz
S4_04_B_S36_L003_R1_001.fastq.gz
S4_04_B_S36_L003_R2_001.fastq.gz
S5_01_A_S19_L003_R1_001.fastq.gz
S5_01_A_S19_L003_R2_001.fastq.gz
S5_01_B_S20_L003_R1_001.fastq.gz
S5_01_B_S20_L003_R2_001.fastq.gz
S6_01_A_S21_L003_R1_001.fastq.gz
S6_01_A_S21_L003_R2_001.fastq.gz
S6_01_B_S22_L003_R1_001.fastq.gz
S6_01_B_S22_L003_R2_001.fastq.gz
S6_06_A_S37_L003_R1_001.fastq.gz
S6_06_A_S37_L003_R2_001.fastq.gz
S6_06_B_S38_L003_R1_001.fastq.gz
S6_06_B_S38_L003_R2_001.fastq.gz
S6_10_A_S39_L003_R1_001.fastq.gz
S6_10_A_S39_L003_R2_001.fastq.gz
S6_10_B_S40_L003_R1_001.fastq.gz
S6_10_B_S40_L003_R2_001.fastq.gz
S9_01_A_S23_L003_R1_001.fastq.gz
S9_01_A_S23_L003_R2_001.fastq.gz
S9_01_B_S24_L003_R1_001.fastq.gz
S9_01_B_S24_L003_R2_001.fastq.gz
Undetermined_S0_L003_R1_001.fastq.gz
Undetermined_S0_L003_R2_001.fastq.gz

sent 559.44G bytes  received 1.73K bytes  169.25M bytes/sec
total size is 559.30G  speedup is 1.00
