

== Warning ==  No assembly mode was specified! If you intend to assemble high-coverage multi-cell/isolate data, use '--isolate' option.




== Warning ==  No assembly mode was specified! If you intend to assemble high-coverage multi-cell/isolate data, use '--isolate' option.



======= SPAdes pipeline continued. Log can be found here: /ocean/projects/ees240004p/hkittner/spades_output/spades.log

Restored from Command line: /usr/local/bin/spades.py	-t	128	-m	512	-1	/ocean/projects/ees240004p/hkittner/trimmomatic_output/S4_04_forward_paired_trim.fastq.gz	-2	/ocean/projects/ees240004p/hkittner/trimmomatic_output/S4_04_reverse_paired_trim.fastq.gz	--only-error-correction	-o	/ocean/projects/ees240004p/hkittner/spades_output

Command line: /usr/local/bin/spades.py	-t	128	-m	512	-1	/ocean/projects/ees240004p/hkittner/trimmomatic_output/S4_04_forward_paired_trim.fastq.gz	-2	/ocean/projects/ees240004p/hkittner/trimmomatic_output/S4_04_reverse_paired_trim.fastq.gz	--only-error-correction	-o	/ocean/projects/ees240004p/hkittner/spades_output

System information:
  SPAdes version: 3.14.1
  Python version: 3.8.5
  OS: Linux-4.18.0-477.27.1.el8_8.x86_64-x86_64-with-glibc2.10

Output dir: /ocean/projects/ees240004p/hkittner/spades_output
Mode: ONLY read error correction (without assembling)
Debug mode is turned OFF

Dataset parameters:
  Standard mode
  For multi-cell/isolate data we recommend to use '--isolate' option; for single-cell MDA data use '--sc'; for metagenomic data use '--meta'; for RNA-Seq use '--rna'.
  Reads:
    Library number: 1, library type: paired-end
      orientation: fr
      left reads: ['/ocean/projects/ees240004p/hkittner/trimmomatic_output/S4_04_forward_paired_trim.fastq.gz']
      right reads: ['/ocean/projects/ees240004p/hkittner/trimmomatic_output/S4_04_reverse_paired_trim.fastq.gz']
      interlaced reads: not specified
      single reads: not specified
      merged reads: not specified
Read error correction parameters:
  Iterations: 1
  PHRED offset will be auto-detected
  Corrected reads will be compressed
Other parameters:
  Dir for temp files: /ocean/projects/ees240004p/hkittner/spades_output/tmp
  Threads: 128
  Memory limit (in Gb): 512


===== Before start started. 


===== Read error correction started. 


===== Read error correction started. 


== Running: /usr/local/bin/spades-hammer /ocean/projects/ees240004p/hkittner/spades_output/corrected/configs/config.info

  0:00:00.000    16M / 21M   INFO    General                 (main.cpp                  :  75)   Starting BayesHammer, built from N/A, git revision N/A
  0:00:00.001    16M / 21M   INFO    General                 (main.cpp                  :  76)   Loading config from /ocean/projects/ees240004p/hkittner/spades_output/corrected/configs/config.info
  0:00:00.003    17M / 23M   INFO    General                 (main.cpp                  :  78)   Maximum # of threads to use (adjusted due to OMP capabilities): 128
  0:00:00.003    17M / 23M   INFO    General                 (memory_limit.cpp          :  49)   Memory limit set to 512 Gb
  0:00:00.003    17M / 23M   INFO    General                 (main.cpp                  :  86)   Trying to determine PHRED offset
  0:00:00.003    17M / 23M   INFO    General                 (main.cpp                  :  92)   Determined value is 33
  0:00:00.004    17M / 23M   INFO    General                 (hammer_tools.cpp          :  38)   Hamming graph threshold tau=1, k=21, subkmer positions = [ 0 10 ]
  0:00:00.004    17M / 23M   INFO    General                 (main.cpp                  : 113)   Size of aux. kmer data 24 bytes
     === ITERATION 0 begins ===
  0:00:00.005    17M / 23M   INFO   K-mer Index Building     (kmer_index_builder.hpp    : 301)   Building kmer index
  0:00:00.005    17M / 23M   INFO    General                 (kmer_index_builder.hpp    : 117)   Splitting kmer instances into 2048 files using 128 threads. This might take a while.
  0:00:00.006    17M / 23M   INFO    General                 (file_limit.hpp            :  32)   Open file limit set to 131072
  0:00:00.006    17M / 23M   INFO    General                 (kmer_splitters.hpp        :  89)   Memory available for splitting buffers: 1.33333 Gb
  0:00:00.006    17M / 23M   INFO    General                 (kmer_splitters.hpp        :  97)   Using cell size of 32768
  0:00:00.183    82G / 82G   INFO   K-mer Splitting          (kmer_data.cpp             :  97)   Processing /ocean/projects/ees240004p/hkittner/trimmomatic_output/S4_04_forward_paired_trim.fastq.gz
  0:03:36.388    82G / 85G   INFO   K-mer Splitting          (kmer_data.cpp             : 107)   Processed 22810901 reads
  0:07:36.023    82G / 85G   INFO   K-mer Splitting          (kmer_data.cpp             : 107)   Processed 48174832 reads
  0:11:16.498    82G / 85G   INFO   K-mer Splitting          (kmer_data.cpp             : 107)   Processed 71806435 reads
  0:14:37.892    82G / 85G   INFO   K-mer Splitting          (kmer_data.cpp             : 107)   Processed 92511277 reads
  0:18:08.270    82G / 85G   INFO   K-mer Splitting          (kmer_data.cpp             : 107)   Processed 114197503 reads
  0:21:53.068    82G / 85G   INFO   K-mer Splitting          (kmer_data.cpp             : 107)   Processed 137559863 reads
  0:25:37.091    82G / 85G   INFO   K-mer Splitting          (kmer_data.cpp             : 107)   Processed 160921062 reads
  0:29:07.590    82G / 85G   INFO   K-mer Splitting          (kmer_data.cpp             : 107)   Processed 182598264 reads
  0:32:40.752    82G / 85G   INFO   K-mer Splitting          (kmer_data.cpp             : 107)   Processed 203830358 reads
  0:36:16.744    82G / 85G   INFO   K-mer Splitting          (kmer_data.cpp             : 107)   Processed 226714325 reads
  0:40:05.406    82G / 85G   INFO   K-mer Splitting          (kmer_data.cpp             : 107)   Processed 250264391 reads
  0:42:24.385    82G / 85G   INFO   K-mer Splitting          (kmer_data.cpp             : 107)   Processed 263937710 reads
  0:45:57.185    82G / 85G   INFO   K-mer Splitting          (kmer_data.cpp             : 107)   Processed 286081131 reads
  0:49:58.784    82G / 85G   INFO   K-mer Splitting          (kmer_data.cpp             : 107)   Processed 308036646 reads
  1:34:44.297    82G / 85G   INFO   K-mer Splitting          (kmer_data.cpp             : 107)   Processed 538502637 reads
  1:57:41.262    82G / 85G   INFO   K-mer Splitting          (kmer_data.cpp             :  97)   Processing /ocean/projects/ees240004p/hkittner/trimmomatic_output/S4_04_reverse_paired_trim.fastq.gz
  2:48:32.403    83G / 85G   INFO   K-mer Splitting          (kmer_data.cpp             : 107)   Processed 1075405078 reads
  3:17:22.325    82G / 85G   INFO   K-mer Splitting          (kmer_data.cpp             : 112)   Total 1306681414 reads processed
  3:17:23.079     2G / 85G   INFO    General                 (kmer_index_builder.hpp    : 120)   Starting k-mer counting.
  4:03:09.124   274M / 102G  INFO    General                 (kmer_index_builder.hpp    : 127)   K-mer counting done. There are 125600634380 kmers in total.
  4:03:09.126   274M / 102G  INFO    General                 (kmer_index_builder.hpp    : 133)   Merging temporary buckets.
slurmstepd: error: *** JOB 24282492 ON l012 CANCELLED AT 2024-06-24T11:41:54 DUE TO TIME LIMIT ***
