cat: 'A02_01_*forward_paired_trim.fastq.gz': No such file or directory
cat: 'A02_01_*reverse_paired_trim.fastq.gz': No such file or directory
cat: 'A02_01_*L001_forward_paired_trim.fastq.gz': No such file or directory
cat: 'A02_01_*L001_reverse_paired_trim.fastq.gz': No such file or directory
cat: 'A02_01_A*forward_paired_trim.fastq.gz': No such file or directory
cat: 'A02_01_A*reverse_paired_trim.fastq.gz': No such file or directory
cat: 'A02_01_B*forward_paired_trim.fastq.gz': No such file or directory
cat: 'A02_01_B*reverse_paired_trim.fastq.gz': No such file or directory
cat: 'A08_01_*forward_paired_trim.fastq.gz': No such file or directory
cat: 'A08_01_*reverse_paired_trim.fastq.gz': No such file or directory
cat: 'A08_01_*L001_forward_paired_trim.fastq.gz': No such file or directory
cat: 'A08_01_*L001_reverse_paired_trim.fastq.gz': No such file or directory
cat: 'A08_01_A*forward_paired_trim.fastq.gz': No such file or directory
cat: 'A08_01_A*reverse_paired_trim.fastq.gz': No such file or directory
cat: 'A08_01_B*forward_paired_trim.fastq.gz': No such file or directory
cat: 'A08_01_B*reverse_paired_trim.fastq.gz': No such file or directory
cat: 'A13_01_*forward_paired_trim.fastq.gz': No such file or directory
cat: 'A13_01_*reverse_paired_trim.fastq.gz': No such file or directory
cat: 'A13_01_*L001_forward_paired_trim.fastq.gz': No such file or directory
cat: 'A13_01_*L001_reverse_paired_trim.fastq.gz': No such file or directory
cat: 'A13_01_A*forward_paired_trim.fastq.gz': No such file or directory
cat: 'A13_01_A*reverse_paired_trim.fastq.gz': No such file or directory
cat: 'A13_01_B*forward_paired_trim.fastq.gz': No such file or directory
cat: 'A13_01_B*reverse_paired_trim.fastq.gz': No such file or directory
cat: 'A18_01_*forward_paired_trim.fastq.gz': No such file or directory
cat: 'A18_01_*reverse_paired_trim.fastq.gz': No such file or directory
cat: 'A18_01_*L001_forward_paired_trim.fastq.gz': No such file or directory
cat: 'A18_01_*L001_reverse_paired_trim.fastq.gz': No such file or directory
cat: 'A18_01_A*forward_paired_trim.fastq.gz': No such file or directory
cat: 'A18_01_A*reverse_paired_trim.fastq.gz': No such file or directory
cat: 'A18_01_B*forward_paired_trim.fastq.gz': No such file or directory
cat: 'A18_01_B*reverse_paired_trim.fastq.gz': No such file or directory
cat: 'A18_03_*forward_paired_trim.fastq.gz': No such file or directory
cat: 'A18_03_*reverse_paired_trim.fastq.gz': No such file or directory
cat: 'A18_03_*L001_forward_paired_trim.fastq.gz': No such file or directory
cat: 'A18_03_*L001_reverse_paired_trim.fastq.gz': No such file or directory
cat: 'A18_03_A*forward_paired_trim.fastq.gz': No such file or directory
cat: 'A18_03_A*reverse_paired_trim.fastq.gz': No such file or directory
cat: 'A18_03_B*forward_paired_trim.fastq.gz': No such file or directory
cat: 'A18_03_B*reverse_paired_trim.fastq.gz': No such file or directory
cat: 'A18_04_*forward_paired_trim.fastq.gz': No such file or directory
cat: 'A18_04_*reverse_paired_trim.fastq.gz': No such file or directory
cat: 'A18_04_*L001_forward_paired_trim.fastq.gz': No such file or directory
cat: 'A18_04_*L001_reverse_paired_trim.fastq.gz': No such file or directory
cat: 'A18_04_A*forward_paired_trim.fastq.gz': No such file or directory
cat: 'A18_04_A*reverse_paired_trim.fastq.gz': No such file or directory
cat: 'A18_04_B*forward_paired_trim.fastq.gz': No such file or directory
cat: 'A18_04_B*reverse_paired_trim.fastq.gz': No such file or directory
cat: 'A19_01_*forward_paired_trim.fastq.gz': No such file or directory
cat: 'A19_01_*reverse_paired_trim.fastq.gz': No such file or directory
cat: 'A19_01_*L001_forward_paired_trim.fastq.gz': No such file or directory
cat: 'A19_01_*L001_reverse_paired_trim.fastq.gz': No such file or directory
cat: 'A19_01_A*forward_paired_trim.fastq.gz': No such file or directory
cat: 'A19_01_A*reverse_paired_trim.fastq.gz': No such file or directory
cat: 'A19_01_B*forward_paired_trim.fastq.gz': No such file or directory
cat: 'A19_01_B*reverse_paired_trim.fastq.gz': No such file or directory
cat: 'A21_01_*forward_paired_trim.fastq.gz': No such file or directory
cat: 'A21_01_*reverse_paired_trim.fastq.gz': No such file or directory
cat: 'A21_01_*L001_forward_paired_trim.fastq.gz': No such file or directory
cat: 'A21_01_*L001_reverse_paired_trim.fastq.gz': No such file or directory
cat: 'A21_01_A*forward_paired_trim.fastq.gz': No such file or directory
cat: 'A21_01_A*reverse_paired_trim.fastq.gz': No such file or directory
cat: 'A21_01_B*forward_paired_trim.fastq.gz': No such file or directory
cat: 'A21_01_B*reverse_paired_trim.fastq.gz': No such file or directory
cat: 'A21_04_*forward_paired_trim.fastq.gz': No such file or directory
cat: 'A21_04_*reverse_paired_trim.fastq.gz': No such file or directory
cat: 'A21_04_*L001_forward_paired_trim.fastq.gz': No such file or directory
cat: 'A21_04_*L001_reverse_paired_trim.fastq.gz': No such file or directory
cat: 'A21_04_A*forward_paired_trim.fastq.gz': No such file or directory
cat: 'A21_04_A*reverse_paired_trim.fastq.gz': No such file or directory
cat: 'A21_04_B*forward_paired_trim.fastq.gz': No such file or directory
cat: 'A21_04_B*reverse_paired_trim.fastq.gz': No such file or directory
cat: 'A21_05_*forward_paired_trim.fastq.gz': No such file or directory
cat: 'A21_05_*reverse_paired_trim.fastq.gz': No such file or directory
cat: 'A21_05_*L001_forward_paired_trim.fastq.gz': No such file or directory
cat: 'A21_05_*L001_reverse_paired_trim.fastq.gz': No such file or directory
cat: 'A21_05_A*forward_paired_trim.fastq.gz': No such file or directory
cat: 'A21_05_A*reverse_paired_trim.fastq.gz': No such file or directory
cat: 'A21_05_B*forward_paired_trim.fastq.gz': No such file or directory
cat: 'A21_05_B*reverse_paired_trim.fastq.gz': No such file or directory
cat: 'S1_01_*forward_paired_trim.fastq.gz': No such file or directory
cat: 'S1_01_*reverse_paired_trim.fastq.gz': No such file or directory
cat: 'S1_01_*L001_forward_paired_trim.fastq.gz': No such file or directory
cat: 'S1_01_*L001_reverse_paired_trim.fastq.gz': No such file or directory
cat: 'S1_01_A*forward_paired_trim.fastq.gz': No such file or directory
cat: 'S1_01_A*reverse_paired_trim.fastq.gz': No such file or directory
cat: 'S1_01_B*forward_paired_trim.fastq.gz': No such file or directory
cat: 'S1_01_B*reverse_paired_trim.fastq.gz': No such file or directory
cat: 'S2_01_*forward_paired_trim.fastq.gz': No such file or directory
cat: 'S2_01_*reverse_paired_trim.fastq.gz': No such file or directory
cat: 'S2_01_*L001_forward_paired_trim.fastq.gz': No such file or directory
cat: 'S2_01_*L001_reverse_paired_trim.fastq.gz': No such file or directory
cat: 'S2_01_A*forward_paired_trim.fastq.gz': No such file or directory
cat: 'S2_01_A*reverse_paired_trim.fastq.gz': No such file or directory
cat: 'S2_01_B*forward_paired_trim.fastq.gz': No such file or directory
cat: 'S2_01_B*reverse_paired_trim.fastq.gz': No such file or directory
cat: 'S2_04_*forward_paired_trim.fastq.gz': No such file or directory
cat: 'S2_04_*reverse_paired_trim.fastq.gz': No such file or directory
cat: 'S2_04_*L001_forward_paired_trim.fastq.gz': No such file or directory
cat: 'S2_04_*L001_reverse_paired_trim.fastq.gz': No such file or directory
cat: 'S2_04_A*forward_paired_trim.fastq.gz': No such file or directory
cat: 'S2_04_A*reverse_paired_trim.fastq.gz': No such file or directory
cat: 'S2_04_B*forward_paired_trim.fastq.gz': No such file or directory
cat: 'S2_04_B*reverse_paired_trim.fastq.gz': No such file or directory
cat: 'S2_05_*forward_paired_trim.fastq.gz': No such file or directory
cat: 'S2_05_*reverse_paired_trim.fastq.gz': No such file or directory
cat: 'S2_05_*L001_forward_paired_trim.fastq.gz': No such file or directory
cat: 'S2_05_*L001_reverse_paired_trim.fastq.gz': No such file or directory
cat: 'S2_05_A*forward_paired_trim.fastq.gz': No such file or directory
cat: 'S2_05_A*reverse_paired_trim.fastq.gz': No such file or directory
cat: 'S2_05_B*forward_paired_trim.fastq.gz': No such file or directory
cat: 'S2_05_B*reverse_paired_trim.fastq.gz': No such file or directory
cat: 'S3_01_*forward_paired_trim.fastq.gz': No such file or directory
cat: 'S3_01_*reverse_paired_trim.fastq.gz': No such file or directory
cat: 'S3_01_*L001_forward_paired_trim.fastq.gz': No such file or directory
cat: 'S3_01_*L001_reverse_paired_trim.fastq.gz': No such file or directory
cat: 'S3_01_A*forward_paired_trim.fastq.gz': No such file or directory
cat: 'S3_01_A*reverse_paired_trim.fastq.gz': No such file or directory
cat: 'S3_01_B*forward_paired_trim.fastq.gz': No such file or directory
cat: 'S3_01_B*reverse_paired_trim.fastq.gz': No such file or directory
cat: 'S4_01_*forward_paired_trim.fastq.gz': No such file or directory
cat: 'S4_01_*reverse_paired_trim.fastq.gz': No such file or directory
cat: 'S4_01_*L001_forward_paired_trim.fastq.gz': No such file or directory
cat: 'S4_01_*L001_reverse_paired_trim.fastq.gz': No such file or directory
cat: 'S4_01_A*forward_paired_trim.fastq.gz': No such file or directory
cat: 'S4_01_A*reverse_paired_trim.fastq.gz': No such file or directory
cat: 'S4_01_B*forward_paired_trim.fastq.gz': No such file or directory
cat: 'S4_01_B*reverse_paired_trim.fastq.gz': No such file or directory
cat: 'S4_04_*forward_paired_trim.fastq.gz': No such file or directory
cat: 'S4_04_*reverse_paired_trim.fastq.gz': No such file or directory
cat: 'S4_04_*L001_forward_paired_trim.fastq.gz': No such file or directory
cat: 'S4_04_*L001_reverse_paired_trim.fastq.gz': No such file or directory
cat: 'S4_04_A*forward_paired_trim.fastq.gz': No such file or directory
cat: 'S4_04_A*reverse_paired_trim.fastq.gz': No such file or directory
cat: 'S4_04_B*forward_paired_trim.fastq.gz': No such file or directory
cat: 'S4_04_B*reverse_paired_trim.fastq.gz': No such file or directory
cat: 'S5_01_*forward_paired_trim.fastq.gz': No such file or directory
cat: 'S5_01_*reverse_paired_trim.fastq.gz': No such file or directory
cat: 'S5_01_*L001_forward_paired_trim.fastq.gz': No such file or directory
cat: 'S5_01_*L001_reverse_paired_trim.fastq.gz': No such file or directory
cat: 'S5_01_A*forward_paired_trim.fastq.gz': No such file or directory
cat: 'S5_01_A*reverse_paired_trim.fastq.gz': No such file or directory
cat: 'S5_01_B*forward_paired_trim.fastq.gz': No such file or directory
cat: 'S5_01_B*reverse_paired_trim.fastq.gz': No such file or directory
cat: 'S6_01_*forward_paired_trim.fastq.gz': No such file or directory
cat: 'S6_01_*reverse_paired_trim.fastq.gz': No such file or directory
cat: 'S6_01_*L001_forward_paired_trim.fastq.gz': No such file or directory
cat: 'S6_01_*L001_reverse_paired_trim.fastq.gz': No such file or directory
cat: 'S6_01_A*forward_paired_trim.fastq.gz': No such file or directory
cat: 'S6_01_A*reverse_paired_trim.fastq.gz': No such file or directory
cat: 'S6_01_B*forward_paired_trim.fastq.gz': No such file or directory
cat: 'S6_01_B*reverse_paired_trim.fastq.gz': No such file or directory
cat: 'S6_06_*forward_paired_trim.fastq.gz': No such file or directory
cat: 'S6_06_*reverse_paired_trim.fastq.gz': No such file or directory
cat: 'S6_06_*L001_forward_paired_trim.fastq.gz': No such file or directory
cat: 'S6_06_*L001_reverse_paired_trim.fastq.gz': No such file or directory
cat: 'S6_06_A*forward_paired_trim.fastq.gz': No such file or directory
cat: 'S6_06_A*reverse_paired_trim.fastq.gz': No such file or directory
cat: 'S6_06_B*forward_paired_trim.fastq.gz': No such file or directory
cat: 'S6_06_B*reverse_paired_trim.fastq.gz': No such file or directory
cat: 'S6_10_*forward_paired_trim.fastq.gz': No such file or directory
cat: 'S6_10_*reverse_paired_trim.fastq.gz': No such file or directory
cat: 'S6_10_*L001_forward_paired_trim.fastq.gz': No such file or directory
cat: 'S6_10_*L001_reverse_paired_trim.fastq.gz': No such file or directory
cat: 'S6_10_A*forward_paired_trim.fastq.gz': No such file or directory
cat: 'S6_10_A*reverse_paired_trim.fastq.gz': No such file or directory
cat: 'S6_10_B*forward_paired_trim.fastq.gz': No such file or directory
cat: 'S6_10_B*reverse_paired_trim.fastq.gz': No such file or directory
cat: 'S9_01_*forward_paired_trim.fastq.gz': No such file or directory
cat: 'S9_01_*reverse_paired_trim.fastq.gz': No such file or directory
cat: 'S9_01_*L001_forward_paired_trim.fastq.gz': No such file or directory
cat: 'S9_01_*L001_reverse_paired_trim.fastq.gz': No such file or directory
cat: 'S9_01_A*forward_paired_trim.fastq.gz': No such file or directory
cat: 'S9_01_A*reverse_paired_trim.fastq.gz': No such file or directory
cat: 'S9_01_B*forward_paired_trim.fastq.gz': No such file or directory
cat: 'S9_01_B*reverse_paired_trim.fastq.gz': No such file or directory
