

== Warning ==  No assembly mode was specified! If you intend to assemble high-coverage multi-cell/isolate data, use '--isolate' option.




== Warning ==  No assembly mode was specified! If you intend to assemble high-coverage multi-cell/isolate data, use '--isolate' option.



======= SPAdes pipeline continued. Log can be found here: /ocean/projects/ees240004p/hkittner/spades_output/spades.log

Restored from Command line: /usr/local/bin/spades.py	-t	128	-m	512	-1	/ocean/projects/ees240004p/hkittner/trimmomatic_output/S4_04_forward_paired_trim.fastq.gz	-2	/ocean/projects/ees240004p/hkittner/trimmomatic_output/S4_04_reverse_paired_trim.fastq.gz	--only-error-correction	-o	/ocean/projects/ees240004p/hkittner/spades_output

Command line: /usr/local/bin/spades.py	-t	128	-m	512	-1	/ocean/projects/ees240004p/hkittner/trimmomatic_output/S4_04_forward_paired_trim.fastq.gz	-2	/ocean/projects/ees240004p/hkittner/trimmomatic_output/S4_04_reverse_paired_trim.fastq.gz	--only-error-correction	-o	/ocean/projects/ees240004p/hkittner/spades_output

System information:
  SPAdes version: 3.14.1
  Python version: 3.8.5
  OS: Linux-4.18.0-477.27.1.el8_8.x86_64-x86_64-with-glibc2.10

Output dir: /ocean/projects/ees240004p/hkittner/spades_output
Mode: ONLY read error correction (without assembling)
Debug mode is turned OFF

Dataset parameters:
  Standard mode
  For multi-cell/isolate data we recommend to use '--isolate' option; for single-cell MDA data use '--sc'; for metagenomic data use '--meta'; for RNA-Seq use '--rna'.
  Reads:
    Library number: 1, library type: paired-end
      orientation: fr
      left reads: ['/ocean/projects/ees240004p/hkittner/trimmomatic_output/S4_04_forward_paired_trim.fastq.gz']
      right reads: ['/ocean/projects/ees240004p/hkittner/trimmomatic_output/S4_04_reverse_paired_trim.fastq.gz']
      interlaced reads: not specified
      single reads: not specified
      merged reads: not specified
Read error correction parameters:
  Iterations: 1
  PHRED offset will be auto-detected
  Corrected reads will be compressed
Other parameters:
  Dir for temp files: /ocean/projects/ees240004p/hkittner/spades_output/tmp
  Threads: 128
  Memory limit (in Gb): 512


===== Before start started. 


===== Read error correction started. 


===== Read error correction started. 


== Running: /usr/local/bin/spades-hammer /ocean/projects/ees240004p/hkittner/spades_output/corrected/configs/config.info

  0:00:00.000    16M / 21M   INFO    General                 (main.cpp                  :  75)   Starting BayesHammer, built from N/A, git revision N/A
  0:00:00.001    16M / 21M   INFO    General                 (main.cpp                  :  76)   Loading config from /ocean/projects/ees240004p/hkittner/spades_output/corrected/configs/config.info
  0:00:00.003    17M / 23M   INFO    General                 (main.cpp                  :  78)   Maximum # of threads to use (adjusted due to OMP capabilities): 128
  0:00:00.003    17M / 23M   INFO    General                 (memory_limit.cpp          :  49)   Memory limit set to 512 Gb
  0:00:00.003    17M / 23M   INFO    General                 (main.cpp                  :  86)   Trying to determine PHRED offset
  0:00:00.003    17M / 23M   INFO    General                 (main.cpp                  :  92)   Determined value is 33
  0:00:00.004    17M / 23M   INFO    General                 (hammer_tools.cpp          :  38)   Hamming graph threshold tau=1, k=21, subkmer positions = [ 0 10 ]
  0:00:00.004    17M / 23M   INFO    General                 (main.cpp                  : 113)   Size of aux. kmer data 24 bytes
     === ITERATION 0 begins ===
  0:00:00.005    17M / 23M   INFO   K-mer Index Building     (kmer_index_builder.hpp    : 301)   Building kmer index
  0:00:00.005    17M / 23M   INFO    General                 (kmer_index_builder.hpp    : 117)   Splitting kmer instances into 2048 files using 128 threads. This might take a while.
  0:00:00.006    17M / 23M   INFO    General                 (file_limit.hpp            :  32)   Open file limit set to 131072
  0:00:00.006    17M / 23M   INFO    General                 (kmer_splitters.hpp        :  89)   Memory available for splitting buffers: 1.33333 Gb
  0:00:00.006    17M / 23M   INFO    General                 (kmer_splitters.hpp        :  97)   Using cell size of 32768
  0:00:00.185    82G / 82G   INFO   K-mer Splitting          (kmer_data.cpp             :  97)   Processing /ocean/projects/ees240004p/hkittner/trimmomatic_output/S4_04_forward_paired_trim.fastq.gz
  0:02:57.792    82G / 84G   INFO   K-mer Splitting          (kmer_data.cpp             : 107)   Processed 19750641 reads
  0:05:56.310    82G / 84G   INFO   K-mer Splitting          (kmer_data.cpp             : 107)   Processed 40298187 reads
  0:08:22.883    82G / 84G   INFO   K-mer Splitting          (kmer_data.cpp             : 107)   Processed 56935385 reads
  0:12:18.074    82G / 85G   INFO   K-mer Splitting          (kmer_data.cpp             : 107)   Processed 80201472 reads
  0:15:08.007    82G / 85G   INFO   K-mer Splitting          (kmer_data.cpp             : 107)   Processed 99653087 reads
  0:18:04.152    82G / 85G   INFO   K-mer Splitting          (kmer_data.cpp             : 107)   Processed 120088113 reads
  0:22:17.705    82G / 85G   INFO   K-mer Splitting          (kmer_data.cpp             : 107)   Processed 142931715 reads
  0:25:38.324    82G / 85G   INFO   K-mer Splitting          (kmer_data.cpp             : 107)   Processed 166357897 reads
  0:28:21.127    82G / 85G   INFO   K-mer Splitting          (kmer_data.cpp             : 107)   Processed 185238449 reads
  0:31:20.851    82G / 85G   INFO   K-mer Splitting          (kmer_data.cpp             : 107)   Processed 206059559 reads
  0:34:21.646    82G / 85G   INFO   K-mer Splitting          (kmer_data.cpp             : 107)   Processed 227225840 reads
  0:37:26.862    82G / 85G   INFO   K-mer Splitting          (kmer_data.cpp             : 107)   Processed 248623898 reads
  0:40:46.957    82G / 85G   INFO   K-mer Splitting          (kmer_data.cpp             : 107)   Processed 271373723 reads
  0:44:06.046    82G / 85G   INFO   K-mer Splitting          (kmer_data.cpp             : 107)   Processed 294183365 reads
  1:22:08.715    82G / 85G   INFO   K-mer Splitting          (kmer_data.cpp             : 107)   Processed 549877102 reads
  1:50:19.444    82G / 85G   INFO   K-mer Splitting          (kmer_data.cpp             :  97)   Processing /ocean/projects/ees240004p/hkittner/trimmomatic_output/S4_04_reverse_paired_trim.fastq.gz
  2:44:54.811    82G / 85G   INFO   K-mer Splitting          (kmer_data.cpp             : 107)   Processed 1075417525 reads
  3:14:25.255    83G / 85G   INFO   K-mer Splitting          (kmer_data.cpp             : 112)   Total 1306681414 reads processed
  3:14:26.064     2G / 85G   INFO    General                 (kmer_index_builder.hpp    : 120)   Starting k-mer counting.
  4:00:20.074   278M / 93G   INFO    General                 (kmer_index_builder.hpp    : 127)   K-mer counting done. There are 125600634380 kmers in total.
  4:00:20.081   278M / 93G   INFO    General                 (kmer_index_builder.hpp    : 133)   Merging temporary buckets.
 15:49:45.219   278M / 93G   INFO   K-mer Index Building     (kmer_index_builder.hpp    : 314)   Building perfect hash indices
<jemalloc>: Error in malloc(): out of memory
 Requested: 3768046304
<jemalloc>: Error in malloc(): out of memory
 Requested: 3768056176
<jemalloc>: Error in malloc(): out of memory
 Requested: 3767981120


== Error ==  system call for: "['/usr/local/bin/spades-hammer', '/ocean/projects/ees240004p/hkittner/spades_output/corrected/configs/config.info']" finished abnormally, OS return value: -6

In case you have troubles running SPAdes, you can write to spades.support@cab.spbu.ru
or report an issue on our GitHub repository github.com/ablab/spades
Please provide us with params.txt and spades.log files from the output directory.

SPAdes log can be found here: /ocean/projects/ees240004p/hkittner/spades_output/spades.log

Thank you for using SPAdes!
