metawrap binning -o /ocean/projects/ees240004p/hkittner/coassembly_analysis/bins/initial_binning_S9_01_metabat2 -t 128 -m 500 -a /ocean/projects/ees240004p/hkittner/coassembly_analysis/assemblies/megahit_meta_large_S9_01/final.contigs.fa --metabat2 /ocean/projects/ees240004p/hkittner/trimmomatic_output/S9_01_paired_trim_1.fastq /ocean/projects/ees240004p/hkittner/trimmomatic_output/S9_01_paired_trim_2.fastq

------------------------------------------------------------------------------------------------------------------------
-----                                           Entered read type: paired                                          -----
------------------------------------------------------------------------------------------------------------------------


------------------------------------------------------------------------------------------------------------------------
-----                                  1 forward and 1 reverse read files detected                                 -----
------------------------------------------------------------------------------------------------------------------------


########################################################################################################################
#####                                     ALIGNING READS TO MAKE COVERAGE FILES                                    #####
########################################################################################################################

Warning: /ocean/projects/ees240004p/hkittner/coassembly_analysis/bins/initial_binning_S9_01_metabat2 already exists.
rm: cannot remove '/ocean/projects/ees240004p/hkittner/coassembly_analysis/bins/initial_binning_S9_01_metabat2/*checkm': No such file or directory

------------------------------------------------------------------------------------------------------------------------
-----             Looks like the assembly file is already coppied, but will re-transfer just in case to            -----
-----                                          avoid truncation problems.                                          -----
------------------------------------------------------------------------------------------------------------------------


------------------------------------------------------------------------------------------------------------------------
-----                       Looks like there is a index of the assembly already. Skipping...                       -----
------------------------------------------------------------------------------------------------------------------------


------------------------------------------------------------------------------------------------------------------------
-----                         skipping aligning S9_01_paired_trim reads to assembly because                        -----
-----/ocean/projects/ees240004p/hkittner/coassembly_analysis/bins/initial_binning_S9_01_metabat2/work_files/S9_01_paired_trim.bam-----
-----                                               already exists.                                                -----
------------------------------------------------------------------------------------------------------------------------


########################################################################################################################
#####                                               RUNNING METABAT2                                               #####
########################################################################################################################


------------------------------------------------------------------------------------------------------------------------
-----                                          making contig depth file...                                         -----
------------------------------------------------------------------------------------------------------------------------

Output depth matrix to /ocean/projects/ees240004p/hkittner/coassembly_analysis/bins/initial_binning_S9_01_metabat2/work_files/metabat_depth.txt
Output matrix to /ocean/projects/ees240004p/hkittner/coassembly_analysis/bins/initial_binning_S9_01_metabat2/work_files/metabat_depth.txt
Opening 1 bams
Consolidating headers
Processing bam files
Thread 0 finished: S9_01_paired_trim.bam with 966269445 reads and 541772610 readsWellMapped
Creating depth matrix file: /ocean/projects/ees240004p/hkittner/coassembly_analysis/bins/initial_binning_S9_01_metabat2/work_files/metabat_depth.txt
Closing most bam files
Closing last bam file
Finished

------------------------------------------------------------------------------------------------------------------------
-----                                       Starting binning with metaBAT2...                                      -----
------------------------------------------------------------------------------------------------------------------------

MetaBAT 2 (v2.12.1) using minContig 1500, minCV 1.0, minCVSum 1.0, maxP 95%, minS 60, and maxEdges 200. 
243 bins (1682916260 bases in total) formed.

------------------------------------------------------------------------------------------------------------------------
-----                              metaBAT2 finished successfully, and found 244 bins!                             -----
------------------------------------------------------------------------------------------------------------------------


########################################################################################################################
#####                                   BINNING PIPELINE SUCCESSFULLY FINISHED!!!                                  #####
########################################################################################################################


real	276m5.852s
user	7704m34.500s
sys	781m22.206s
