Continue mode activated. Ignore all options except for -o/--out-dir.
2025-09-19 17:17:48 - MEGAHIT v1.2.9
2025-09-19 17:17:48 - Using megahit_core with POPCNT and BMI2 support
2025-09-19 17:17:48 - passing check point 0
2025-09-19 17:17:48 - passing check point 1
2025-09-19 17:17:48 - k-max reset to: 127 
2025-09-19 17:17:48 - Start assembly. Number of CPU threads 128 
2025-09-19 17:17:48 - k list: 27,37,47,57,67,77,87,97,107,117,127 
2025-09-19 17:17:48 - Memory used: 486664206336
2025-09-19 17:17:48 - passing check point 2
2025-09-19 17:17:48 - passing check point 3
2025-09-19 17:17:48 - passing check point 4
2025-09-19 17:17:48 - passing check point 5
2025-09-19 17:17:48 - passing check point 6
2025-09-19 17:17:48 - passing check point 7
2025-09-19 17:17:48 - passing check point 8
2025-09-19 17:17:48 - passing check point 9
2025-09-19 17:17:48 - passing check point 10
2025-09-19 17:17:48 - passing check point 11
2025-09-19 17:17:48 - passing check point 12
2025-09-19 17:17:48 - passing check point 13
2025-09-19 17:17:48 - passing check point 14
2025-09-19 17:17:48 - passing check point 15
2025-09-19 17:17:48 - passing check point 16
2025-09-19 17:17:48 - passing check point 17
2025-09-19 17:17:48 - passing check point 18
2025-09-19 17:17:48 - passing check point 19
2025-09-19 17:17:48 - passing check point 20
2025-09-19 17:17:48 - passing check point 21
2025-09-19 17:17:48 - passing check point 22
2025-09-19 17:17:48 - passing check point 23
2025-09-19 17:17:48 - Local assembly for k = 77
2025-09-20 06:49:40 - Extract iterative edges from k = 77 to 87 
2025-09-20 07:37:30 - Build graph for k = 87 
2025-09-20 07:52:04 - Assemble contigs from SdBG for k = 87
2025-09-20 10:49:41 - Local assembly for k = 87
2025-09-20 22:37:35 - Extract iterative edges from k = 87 to 97 
2025-09-20 23:13:38 - Build graph for k = 97 
2025-09-20 23:25:55 - Assemble contigs from SdBG for k = 97
2025-09-21 01:58:06 - Local assembly for k = 97
2025-09-21 12:47:31 - Extract iterative edges from k = 97 to 107 
2025-09-21 13:13:56 - Build graph for k = 107 
2025-09-21 13:34:23 - Assemble contigs from SdBG for k = 107
2025-09-21 15:27:54 - Local assembly for k = 107
2025-09-22 02:13:16 - Extract iterative edges from k = 107 to 117 
2025-09-22 02:33:13 - Build graph for k = 117 
2025-09-22 02:42:51 - Assemble contigs from SdBG for k = 117
2025-09-22 04:29:03 - Local assembly for k = 117
2025-09-22 15:22:52 - Extract iterative edges from k = 117 to 127 
2025-09-22 15:38:42 - Build graph for k = 127 
2025-09-22 15:55:28 - Assemble contigs from SdBG for k = 127
slurmstepd: error: *** JOB 35019864 ON l008 CANCELLED AT 2025-09-22T17:17:51 DUE TO TIME LIMIT ***
